


materialPath: c:\programme\steam\steamapps\patrickdorrington\half-life 2 deathmatch\hl2mp\materials
Loading C:\Programme\Steam\steamapps\patrickdorrington\sourcesdk_content\hl2\mapsrc\dm_trainyard.vmf
fixing up env_cubemap materials on brush sides...
0...1...2...3...4...5...6...7...8...9...10**** leaked ****
Entity prop_static (60.00 312.00 -228.00) leaked!
Processing areas...done (0)
Building Faces...done (1)
Chop Details...done (0)
Find Visible Detail Sides...
Merged 14 detail faces...done (0)
Merging details...done (0)
FixTjuncs...
PruneNodes...
WriteBSP...
done (0)
Creating default cubemaps for env_cubemap using skybox materials:
skybox/sky_day02_09*.vmt
Run buildcubemaps in the engine to get the correct cube maps.

No such variable "$hdrbasetexture" for material "skybox/sky_day02_09rt"
Can't load skybox file skybox/sky_day02_09 to build the default cubemap!
Finding displacement neighbors...
Finding lightmap sample positions...
Displacement Alpha : 0...1...2...3...4...5...6...7...8...9...10
Building Physics collision data...
done (1) (422764 bytes)
Error! prop_static using model "models/props_debris/concrete_chunk01a.mdl", which must be used on a dynamic entity (i.e. prop_physics). Deleted.
Error loading studio model "models/props_debris/concrete_chunk01a.mdl"!
Placing detail props : 0...1...2...3...4...5...6...7...8...9...10
Compacting texture/material tables...
Reduced 2100 texinfos to 1078
Reduced 320 texdatas to 240 (13437 bytes to 10144)
Writing C:\Programme\Steam\steamapps\patrickdorrington\sourcesdk_content\hl2\mapsrc\dm_trainyard.bsp
15 seconds elapsed



2 threads
reading c:\programme\steam\steamapps\patrickdorrington\sourcesdk_content\hl2\mapsrc\dm_trainyard.bsp
reading c:\programme\steam\steamapps\patrickdorrington\sourcesdk_content\hl2\mapsrc\dm_trainyard.prt
LoadPortals: couldn't read c:\programme\steam\steamapps\patrickdorrington\sourcesdk_content\hl2\mapsrc\dm_trainyard.prt



[Reading texlights from 'lights.rad']
[45 texlights parsed from 'lights.rad']

Loading c:\programme\steam\steamapps\patrickdorrington\sourcesdk_content\hl2\mapsrc\dm_trainyard.bsp
No vis information, direct lighting only.
7689 faces
3196105 square feet [460239232.00 square inches]
11 displacements
98493 square feet [14183004.00 square inches]
15 direct lights
0...1..


materialPath: c:\programme\steam\steamapps\patrickdorrington\half-life 2 deathmatch\hl2mp\materials
Loading C:\Programme\Steam\steamapps\patrickdorrington\sourcesdk_content\hl2\mapsrc\dm_trainyard.vmf
fixing up env_cubemap materials on brush sides...
0...1...2...3...4...5...6...7...8...9...10**** leaked ****
Entity prop_static (60.00 312.00 -228.00) leaked!
Processing areas...done (0)
Building Faces...done (0)
Chop Details...done (0)
Find Visible Detail Sides...
Merged 14 detail faces...done (0)
Merging details...done (0)
FixTjuncs...
PruneNodes...
WriteBSP...
done (1)
Creating default cubemaps for env_cubemap using skybox materials:
skybox/sky_day02_09*.vmt
Run buildcubemaps in the engine to get the correct cube maps.

No such variable "$hdrbasetexture" for material "skybox/sky_day02_09rt"
Can't load skybox file skybox/sky_day02_09 to build the default cubemap!
Finding displacement neighbors...
Finding lightmap sample positions...
Displacement Alpha : 0...1...2...3...4...5...6...7...8...9...10
Building Physics collision data...
done (0) (422764 bytes)
Error! prop_static using model "models/props_debris/concrete_chunk01a.mdl", which must be used on a dynamic entity (i.e. prop_physics). Deleted.
Error loading studio model "models/props_debris/concrete_chunk01a.mdl"!
Placing detail props : 0...1...2...3...4...5...6...7...8...9...10
Compacting texture/material tables...
Reduced 2100 texinfos to 1078
Reduced 320 texdatas to 240 (13437 bytes to 10144)
Writing C:\Programme\Steam\steamapps\patrickdorrington\sourcesdk_content\hl2\mapsrc\dm_trainyard.bsp
15 seconds elapsed



2 threads
reading c:\programme\steam\steamapps\patrickdorrington\sourcesdk_content\hl2\mapsrc\dm_trainyard.bsp
reading c:\programme\steam\steamapps\patrickdorrington\sourcesdk_content\hl2\mapsrc\dm_trainyard.prt
LoadPortals: couldn't read c:\programme\steam\steamapps\patrickdorrington\sourcesdk_content\hl2\mapsrc\dm_trainyard.prt



[Reading texlights from 'lights.rad']
[45 texlights parsed from 'lights.rad']

Loading c:\programme\steam\steamapps\patrickdorrington\sourcesdk_content\hl2\mapsrc\dm_trainyard.bsp
No vis information, direct lighting only.
7689 faces
3196105 square feet [460239232.00 square inches]
11 displacements
98493 square feet [14183004.00 square inches]
15 direct lights
0...1...2...3...4...5...6...7...8...9...10Build Patch/Sample Hash Table(s).....Done<0.1133 sec>
0...1...2...3...4...5...6...7...8...9...10FinalLightFace Done
Computing detail prop lighting : 0...1...2...3...4...5...6...7...8...9...10
0 of 0 (0% of) surface lights went in leaf ambient cubes.
ComputePerLeafAmbientLighting: 0...1...2...3...4...5...6...7...8...9...10
Ready to Finish

Object names       Objects/Maxobjs  Memory / Maxmem  Fullness 
------------       ---------------  ---------------  -------- 
models                   1/1024           48/49152    ( 0.1%) 
brushes               1257/8192        15084/98304    (15.3%) 
brushsides            8034/65536       64272/524288   (12.3%) 
planes                2596/65536       51920/1310720  ( 4.0%) 
vertexes             12799/65536      153588/786432   (19.5%) 
nodes                 5491/65536      175712/2097152  ( 8.4%) 
texinfos              1078/12288       77616/884736   ( 8.8%) 
texdata                240/2048         7680/65536    (11.7%) 
dispinfos               11/0            1936/0        ( 0.0%) 
disp_verts             875/0           17500/0        ( 0.0%) 
disp_tris             1408/0            2816/0        ( 0.0%) 
disp_lmsamples      129676/0          129676/0        ( 0.0%) 
faces                 7689/65536      430584/3670016  (11.7%) 
hdr faces                0/65536           0/3670016  ( 0.0%) 
origfaces             3089/65536      172984/3670016  ( 4.7%) 
leaves                5493/65536      175776/2097152  ( 8.4%) 
leaffaces             8636/65536       17272/131072   (13.2%) 
leafbrushes           3101/65536        6202/131072   ( 4.7%) 
areas                    3/256            24/2048     ( 1.2%) 
surfedges            48538/512000     194152/2048000  ( 9.5%) 
edges                27659/256000     110636/1024000  (10.8%) 
LDR worldlights         15/8192         1320/720896   ( 0.2%) 
HDR worldlights          0/8192            0/720896   ( 0.0%) 
waterstrips           1014/32768       10140/327680   ( 3.1%) 
waterverts               0/65536           0/786432   ( 0.0%) 
waterindices         15222/65536       30444/131072   (23.2%) 
cubemapsamples          24/1024          384/16384    ( 2.3%) 
overlays                 0/512             0/180224   ( 0.0%) 
LDR lightdata         [variable]     6400296/0        ( 0.0%) 
HDR lightdata         [variable]           0/0        ( 0.0%) 
visdata               [variable]           0/16777216 ( 0.0%) 
entdata               [variable]       28725/393216   ( 7.3%) 
LDR leaf ambient      5493/65536      131832/1572864  ( 8.4%) 
HDR leaf ambient         0/65536           0/1572864  ( 0.0%) 
occluders                0/0               0/0        ( 0.0%) 
occluder polygons        0/0               0/0        ( 0.0%) 
occluder vert ind        0/0               0/0        ( 0.0%) 
detail props          [variable]           1/654084   ( 0.0%) 
dtl prp lght          [variable]           1/4        (25.0%) 
HDR dtl prp lght      [variable]           1/4        (25.0%) 
static props          [variable]           1/26948    ( 0.0%) 
pakfile               [variable]      317025/0        ( 0.0%) 

Level flags = 0

Win32 Specific Data:
physics               [variable]      422764/4194304  (10.1%) 
==== Total Win32 BSP file data space used: 9148412 bytes ====

Total triangle count: 20850
Writing c:\programme\steam\steamapps\patrickdorrington\sourcesdk_content\hl2\mapsrc\dm_trainyard.bsp
4 minutes, 58 seconds elapsed



materialPath: c:\programme\steam\steamapps\patrickdorrington\half-life 2 deathmatch\hl2mp\materials
Loading C:\Programme\Steam\steamapps\patrickdorrington\sourcesdk_content\hl2\mapsrc\dm_trainyard.vmf
fixing up env_cubemap materials on brush sides...
0...1...2...3...4...5...6...7...8...9...10**** leaked ****
Entity prop_static (60.00 312.00 -228.00) leaked!
Processing areas...done (0)
Building Faces...done (0)
Chop Details...done (0)
Find Visible Detail Sides...
Merged 14 detail faces...done (0)
Merging details...done (0)
FixTjuncs...
PruneNodes...
WriteBSP...
done (1)
Creating default cubemaps for env_cubemap using skybox materials:
skybox/sky_day02_07*.vmt
Run buildcubemaps in the engine to get the correct cube maps.

No such variable "$hdrbasetexture" for material "skybox/sky_day02_07rt"
Can't load skybox file skybox/sky_day02_07 to build the default cubemap!
Finding displacement neighbors...
Finding lightmap sample positions...
Displacement Alpha : 0...1...2...3...4...5...6...7...8...9...10
Building Physics collision data...
done (1) (422764 bytes)
Error! prop_static using model "models/props_debris/concrete_chunk01a.mdl", which must be used on a dynamic entity (i.e. prop_physics). Deleted.
Error loading studio model "models/props_debris/concrete_chunk01a.mdl"!
Placing detail props : 0...1...2...3...4...5...6...7...8...9...10
Compacting texture/material tables...
Reduced 2100 texinfos to 1078
Reduced 319 texdatas to 239 (13384 bytes to 10091)
Writing C:\Programme\Steam\steamapps\patrickdorrington\sourcesdk_content\hl2\mapsrc\dm_trainyard.bsp
15 seconds elapsed



2 threads
reading c:\programme\steam\steamapps\patrickdorrington\sourcesdk_content\hl2\mapsrc\dm_trainyard.bsp
reading c:\programme\steam\steamapps\patrickdorrington\sourcesdk_content\hl2\mapsrc\dm_trainyard.prt
LoadPortals: couldn't read c:\programme\steam\steamapps\patrickdorrington\sourcesdk_content\hl2\mapsrc\dm_trainyard.prt



[Reading texlights from 'lights.rad']
[45 texlights parsed from 'lights.rad']

Loading c:\programme\steam\steamapps\patrickdorrington\sourcesdk_content\hl2\mapsrc\dm_trainyard.bsp
No vis information, direct lighting only.
7689 faces
3196105 square feet [460239232.00 square inches]
11 displacements
98493 square feet [14183004.00 square inches]
15 direct lights
0...1...2...3...4...5...6...7...8...9...10Build Patch/Sample Hash Table(s).....Done<0.1227 sec>
0...1...2...3...4...5...6...7...8...9...10FinalLightFace Done
Computing detail prop lighting : 0...1...2...3...4...5...6...7...8...9...10
0 of 0 (0% of) surface lights went in leaf ambient cubes.
ComputePerLeafAmbientLighting: 0...1...2...3...4...5...6...7...8...9...10
Ready to Finish

Object names       Objects/Maxobjs  Memory / Maxmem  Fullness 
------------       ---------------  ---------------  -------- 
models                   1/1024           48/49152    ( 0.1%) 
brushes               1257/8192        15084/98304    (15.3%) 
brushsides            8034/65536       64272/524288   (12.3%) 
planes                2596/65536       51920/1310720  ( 4.0%) 
vertexes             12799/65536      153588/786432   (19.5%) 
nodes                 5491/65536      175712/2097152  ( 8.4%) 
texinfos              1078/12288       77616/884736   ( 8.8%) 
texdata                239/2048         7648/65536    (11.7%) 
dispinfos               11/0            1936/0        ( 0.0%) 
disp_verts             875/0           17500/0        ( 0.0%) 
disp_tris             1408/0            2816/0        ( 0.0%) 
disp_lmsamples      129676/0          129676/0        ( 0.0%) 
faces                 7689/65536      430584/3670016  (11.7%) 
hdr faces                0/65536           0/3670016  ( 0.0%) 
origfaces             3089/65536      172984/3670016  ( 4.7%) 
leaves                5493/65536      175776/2097152  ( 8.4%) 
leaffaces             8636/65536       17272/131072   (13.2%) 
leafbrushes           3101/65536        6202/131072   ( 4.7%) 
areas                    3/256            24/2048     ( 1.2%) 
surfedges            48538/512000     194152/2048000  ( 9.5%) 
edges                27659/256000     110636/1024000  (10.8%) 
LDR worldlights         15/8192         1320/720896   ( 0.2%) 
HDR worldlights          0/8192            0/720896   ( 0.0%) 
waterstrips           1014/32768       10140/327680   ( 3.1%) 
waterverts               0/65536           0/786432   ( 0.0%) 
waterindices         15222/65536       30444/131072   (23.2%) 
cubemapsamples          24/1024          384/16384    ( 2.3%) 
overlays                 0/512             0/180224   ( 0.0%) 
LDR lightdata         [variable]     6400296/0        ( 0.0%) 
HDR lightdata         [variable]           0/0        ( 0.0%) 
visdata               [variable]           0/16777216 ( 0.0%) 
entdata               [variable]       28749/393216   ( 7.3%) 
LDR leaf ambient      5493/65536      131832/1572864  ( 8.4%) 
HDR leaf ambient         0/65536           0/1572864  ( 0.0%) 
occluders                0/0               0/0        ( 0.0%) 
occluder polygons        0/0               0/0        ( 0.0%) 
occluder vert ind        0/0               0/0        ( 0.0%) 
detail props          [variable]           1/654084   ( 0.0%) 
dtl prp lght          [variable]           1/4        (25.0%) 
HDR dtl prp lght      [variable]           1/4        (25.0%) 
static props          [variable]           1/26948    ( 0.0%) 
pakfile               [variable]      316644/0        ( 0.0%) 

Level flags = 0

Win32 Specific Data:
physics               [variable]      422764/4194304  (10.1%) 
==== Total Win32 BSP file data space used: 9148023 bytes ====

Total triangle count: 20850
Writing c:\programme\steam\steamapps\patrickdorrington\sourcesdk_content\hl2\mapsrc\dm_trainyard.bsp
5 minutes, 1 second elapsed



materialPath: D:\SteamLibrary\steamapps\common\Half-Life 2\hl2\materials
Loading D:\Games\game-dev\Source Modding\Maps\source_hl2_trainyard\unpacked\dm_trainyard.vmf
ConVarRef mat_reduceparticles doesn't point to an existing ConVar
Could not locate 'GameData' key in d:\steamlibrary\steamapps\common\half-life 2\hl2\gameinfo.txt
Patching WVT material: maps/dm_trainyard/nature/red_grass_wvt_patch
fixing up env_cubemap materials on brush sides...
0...1...2...3...4...5...6...7...8...9...10**** leaked ****
Entity prop_static (60.00 312.00 -228.00) leaked!
Processing areas...done (0)
Building Faces...done (0)
Chop Details...done (0)
Find Visible Detail Sides...
Merged 14 detail faces...done (0)
Merging details...done (0)
FixTjuncs...
PruneNodes...
WriteBSP...
done (0)
Creating default LDR cubemaps for env_cubemap using skybox materials:
   skybox/sky_day02_07*.vmt
 ! Run buildcubemaps in the engine to get the correct cube maps.
Creating default HDR cubemaps for env_cubemap using skybox materials:
   skybox/sky_day02_07*.vmt
 ! Run buildcubemaps in the engine to get the correct cube maps.
Bad surface extents point: 1558.000000 4424.000000 128.000000
Bad surface extents point: 2883.000000 4424.000000 128.000000
Bad surface extents point: 2883.000000 640.000000 128.000000
Bad surface extents point: 1558.000000 640.000000 128.000000
Bad surface extents - surface is too big to have a lightmap
	material NATURE/RED_GRASS around point (2220.5 2532.0 128.0)
	(dimension: 1, 127>126)



4 threads
reading d:\games\game-dev\source modding\maps\source_hl2_trainyard\unpacked\dm_trainyard.bsp
reading d:\games\game-dev\source modding\maps\source_hl2_trainyard\unpacked\dm_trainyard.prt
LoadPortals: couldn't read d:\games\game-dev\source modding\maps\source_hl2_trainyard\unpacked\dm_trainyard.prt



[Reading texlights from 'lights.rad']
[45 texlights parsed from 'lights.rad']

Loading d:\games\game-dev\source modding\maps\source_hl2_trainyard\unpacked\dm_trainyard.bsp
Cannot load the static props... encountered a stale map version. Re-vbsp the map.