PRT1
170
496
4 0 7 (1024 2048 379.760010 ) (1024 2048 -472 ) (1280 2048 -472 ) (1280 2048 379.760010 ) 
4 0 6 (1280 2048 -472 ) (1881.030029 2048 -472 ) (1881.030029 2048 379.760010 ) (1280 2048 379.760010 ) 
4 0 3 (1881.030029 2048 2787 ) (1024 2048 2787 ) (1024 2048 379.760010 ) (1881.030029 2048 379.760010 ) 
4 0 2 (1953 2048 2787 ) (1881.030029 2048 2787 ) (1881.030029 2048 -472 ) (1953 2048 -472 ) 
4 0 1 (1024 2048 -472 ) (1024 2048 2787 ) (1024 2058 2787 ) (1024 2058 -472 ) 
4 1 22 (0 2048 -472 ) (0 2048 2787 ) (0 2058 2787 ) (0 2058 -472 ) 
4 1 21 (1024 2048 -472 ) (1024 2048 -8 ) (0 2048 -8 ) (0 2048 -472 ) 
4 1 12 (358 2048 128 ) (280 2048 128 ) (280 2048 -8 ) (358 2048 -8 ) 
4 1 11 (1024 2048 -8 ) (1024 2048 128 ) (358 2048 128 ) (358 2048 -8 ) 
4 1 13 (280 2048 128 ) (0 2048 128 ) (0 2048 -8 ) (280 2048 -8 ) 
4 1 10 (1024 2048 128 ) (1024 2048 2787 ) (0 2048 2787 ) (0 2048 128 ) 
4 2 54 (1953 1024 2787 ) (1881.030029 1024 2787 ) (1881.030029 1024 -472 ) (1953 1024 -472 ) 
4 2 6 (1881.030029 2048 -472 ) (1881.030029 1024 -472 ) (1881.030029 1024 379.760010 ) (1881.030029 2048 379.760010 ) 
4 2 4 (1881.030029 1229.890015 2787 ) (1881.030029 1617.890015 2787 ) (1881.030029 1617.890015 383.760010 ) (1881.030029 1229.890015 383.760010 ) 
4 2 3 (1881.030029 1617.890015 2787 ) (1881.030029 2048 2787 ) (1881.030029 2048 379.760010 ) (1881.030029 1617.890015 379.760010 ) 
4 2 5 (1881.030029 1024 379.760010 ) (1881.030029 1024 2787 ) (1881.030029 1229.890015 2787 ) (1881.030029 1229.890015 379.760010 ) 
4 3 14 (1024 1920 379.760010 ) (1024 1617.890015 379.760010 ) (1024 1617.890015 2787 ) (1024 1920 2787 ) 
4 3 10 (1024 2048 2787 ) (1024 2048 379.760010 ) (1024 1920 379.760010 ) (1024 1920 2787 ) 
4 3 8 (1024 1617.890015 379.760010 ) (1024 1920 379.760010 ) (1280 1920 379.760010 ) (1280 1617.890015 379.760010 ) 
4 3 7 (1024 1920 379.760010 ) (1024 2048 379.760010 ) (1280 2048 379.760010 ) (1280 1920 379.760010 ) 
4 3 6 (1280 2048 379.760010 ) (1881.030029 2048 379.760010 ) (1881.030029 1617.890015 379.760010 ) (1280 1617.890015 379.760010 ) 
4 3 4 (1881.030029 1617.890015 383.760010 ) (1881.030029 1617.890015 2787 ) (1024 1617.890015 2787 ) (1024 1617.890015 383.760010 ) 
4 4 15 (1024 1229.890015 383.760010 ) (1024 1229.890015 2787 ) (1024 1617.890015 2787 ) (1024 1617.890015 383.760010 ) 
4 4 5 (1881.030029 1229.890015 383.760010 ) (1881.030029 1229.890015 2787 ) (1024 1229.890015 2787 ) (1024 1229.890015 383.760010 ) 
4 5 55 (1280 1024 2787 ) (1024 1024 2787 ) (1024 1024 379.760010 ) (1280 1024 379.760010 ) 
4 5 54 (1881.030029 1024 2787 ) (1280 1024 2787 ) (1280 1024 379.760010 ) (1881.030029 1024 379.760010 ) 
4 5 17 (1024 1229.890015 379.760010 ) (1024 1024 379.760010 ) (1024 1024 2787 ) (1024 1229.890015 2787 ) 
4 5 8 (1024 1024 379.760010 ) (1024 1229.890015 379.760010 ) (1280 1229.890015 379.760010 ) (1280 1024 379.760010 ) 
4 5 6 (1280 1229.890015 379.760010 ) (1881.030029 1229.890015 379.760010 ) (1881.030029 1024 379.760010 ) (1280 1024 379.760010 ) 
4 6 54 (1280 1024 -472 ) (1881.030029 1024 -472 ) (1881.030029 1024 379.760010 ) (1280 1024 379.760010 ) 
4 6 8 (1280 1024 128 ) (1280 1024 379.760010 ) (1280 1920 379.760010 ) (1280 1920 128 ) 
4 6 9 (1280 1920 -472 ) (1280 1024 -472 ) (1280 1024 120 ) (1280 1920 120 ) 
4 6 7 (1280 2048 -472 ) (1280 1920 -472 ) (1280 1920 379.760010 ) (1280 2048 379.760010 ) 
4 7 21 (1024 2048 -8 ) (1024 2048 -472 ) (1024 1920 -472 ) (1024 1920 -8 ) 
4 7 11 (1024 2048 128 ) (1024 2048 -8 ) (1024 1920 -8 ) (1024 1920 128 ) 
4 7 10 (1024 2048 379.760010 ) (1024 2048 128 ) (1024 1920 128 ) (1024 1920 379.760010 ) 
4 7 8 (1280 1920 128 ) (1280 1920 379.760010 ) (1024 1920 379.760010 ) (1024 1920 128 ) 
4 7 9 (1024 1920 -472 ) (1280 1920 -472 ) (1280 1920 120 ) (1024 1920 120 ) 
4 8 55 (1024 1024 379.760010 ) (1024 1024 128 ) (1280 1024 128 ) (1280 1024 379.760010 ) 
4 8 16 (1024 1229.890015 379.760010 ) (1024 1617.890015 379.760010 ) (1024 1617.890015 128 ) (1024 1229.890015 128 ) 
4 8 14 (1024 1617.890015 379.760010 ) (1024 1920 379.760010 ) (1024 1920 128 ) (1024 1617.890015 128 ) 
4 8 17 (1024 1024 128 ) (1024 1024 379.760010 ) (1024 1229.890015 379.760010 ) (1024 1229.890015 128 ) 
4 9 56 (1024 1024 120 ) (1024 1024 -472 ) (1280 1024 -472 ) (1280 1024 120 ) 
4 9 21 (1024 1920 -472 ) (1024 1024 -472 ) (1024 1024 -8 ) (1024 1920 -8 ) 
4 9 18 (1024 1024 -8 ) (1024 1024 120 ) (1024 1920 120 ) (1024 1920 -8 ) 
4 10 24 (0 2048 2787 ) (0 2048 128 ) (0 1920 128 ) (0 1920 2787 ) 
4 10 14 (0 1920 2787 ) (0 1920 128 ) (1024 1920 128 ) (1024 1920 2787 ) 
4 10 12 (280 1928 128 ) (280 2048 128 ) (358 2048 128 ) (358 1928 128 ) 
4 10 11 (1024 1920 128 ) (358 1920 128 ) (358 2048 128 ) (1024 2048 128 ) 
4 10 13 (280 1920 128 ) (0 1920 128 ) (0 2048 128 ) (280 2048 128 ) 
4 11 21 (1024 2048 -8 ) (1024 1920 -8 ) (358 1920 -8 ) (358 2048 -8 ) 
4 11 18 (358 1920 -8 ) (1024 1920 -8 ) (1024 1920 120 ) (358 1920 120 ) 
4 11 12 (358 2048 -8 ) (358 1928 -8 ) (358 1928 128 ) (358 2048 128 ) 
4 12 21 (280 1928 -8 ) (280 2048 -8 ) (358 2048 -8 ) (358 1928 -8 ) 
4 12 13 (280 2048 -8 ) (280 1928 -8 ) (280 1928 128 ) (280 2048 128 ) 
4 13 43 (0 2048 120 ) (0 2048 -8 ) (0 1920 -8 ) (0 1920 120 ) 
4 13 41 (0 2048 128 ) (0 2048 120 ) (0 1920 120 ) (0 1920 128 ) 
4 13 21 (280 1920 -8 ) (0 1920 -8 ) (0 2048 -8 ) (280 2048 -8 ) 
4 13 20 (0 1920 120 ) (0 1920 -8 ) (280 1920 -8 ) (280 1920 120 ) 
4 14 35 (0 1664 208 ) (0 1664 128 ) (0 1617.890015 128 ) (0 1617.890015 208 ) 
4 14 32 (0 1664 379.760010 ) (0 1664 208 ) (0 1617.890015 208 ) (0 1617.890015 379.760010 ) 
4 14 29 (0 1617.890015 2787 ) (0 1664 2787 ) (0 1664 379.760010 ) (0 1617.890015 379.760010 ) 
4 14 27 (0 1920 208 ) (0 1920 128 ) (0 1664 128 ) (0 1664 208 ) 
4 14 25 (0 1664 2787 ) (0 1920 2787 ) (0 1920 208 ) (0 1664 208 ) 
4 14 15 (1024 1617.890015 383.760010 ) (1024 1617.890015 2787 ) (0 1617.890015 2787 ) (0 1617.890015 383.760010 ) 
4 14 16 (0 1617.890015 128 ) (1024 1617.890015 128 ) (1024 1617.890015 379.760010 ) (0 1617.890015 379.760010 ) 
4 15 30 (0 1229.890015 2787 ) (0 1617.890015 2787 ) (0 1617.890015 383.760010 ) (0 1229.890015 383.760010 ) 
4 15 17 (1024 1229.890015 383.760010 ) (1024 1229.890015 2787 ) (0 1229.890015 2787 ) (0 1229.890015 383.760010 ) 
4 16 35 (0 1617.890015 208 ) (0 1617.890015 128 ) (0 1229.890015 128 ) (0 1229.890015 208 ) 
4 16 32 (0 1617.890015 379.760010 ) (0 1617.890015 208 ) (0 1229.890015 208 ) (0 1229.890015 379.760010 ) 
4 16 17 (0 1229.890015 128 ) (1024 1229.890015 128 ) (1024 1229.890015 379.760010 ) (0 1229.890015 379.760010 ) 
4 17 57 (1024 1024 128 ) (1024 1024 2787 ) (0 1024 2787 ) (0 1024 128 ) 
4 17 39 (0 1024 128 ) (0 1024 208 ) (0 1152 208 ) (0 1152 128 ) 
4 17 37 (0 1024 208 ) (0 1024 2787 ) (0 1152 2787 ) (0 1152 208 ) 
4 17 35 (0 1229.890015 208 ) (0 1229.890015 128 ) (0 1152 128 ) (0 1152 208 ) 
4 17 32 (0 1229.890015 379.760010 ) (0 1229.890015 208 ) (0 1152 208 ) (0 1152 379.760010 ) 
4 17 31 (0 1152 2787 ) (0 1229.890015 2787 ) (0 1229.890015 379.760010 ) (0 1152 379.760010 ) 
4 18 58 (1024 1024 -8 ) (1024 1024 120 ) (358 1024 120 ) (358 1024 -8 ) 
4 18 21 (1024 1920 -8 ) (1024 1024 -8 ) (358 1024 -8 ) (358 1920 -8 ) 
4 19 59 (350 1024 120 ) (288 1024 120 ) (288 1024 0 ) (350 1024 0 ) 
4 20 60 (280 1024 120 ) (0 1024 120 ) (0 1024 -8 ) (280 1024 -8 ) 
4 20 43 (0 1024 -8 ) (0 1024 120 ) (0 1920 120 ) (0 1920 -8 ) 
4 20 21 (280 1024 -8 ) (0 1024 -8 ) (0 1920 -8 ) (280 1920 -8 ) 
4 21 61 (1024 1024 -472 ) (1024 1024 -8 ) (0 1024 -8 ) (0 1024 -472 ) 
4 21 43 (0 1024 -472 ) (0 1024 -8 ) (0 2048 -8 ) (0 2048 -472 ) 
4 22 43 (0 2048 -472 ) (0 2048 120 ) (-1024 2048 120 ) (-1024 2048 -472 ) 
4 22 41 (0 2048 120 ) (0 2048 128 ) (-1024 2048 128 ) (-1024 2048 120 ) 
4 22 28 (-640 2048 2787 ) (-1024 2048 2787 ) (-1024 2048 128 ) (-640 2048 128 ) 
4 22 24 (0 2048 128 ) (0 2048 2787 ) (-640 2048 2787 ) (-640 2048 128 ) 
4 22 23 (-1024 2058 -472 ) (-1024 2048 -472 ) (-1024 2048 2787 ) (-1024 2058 2787 ) 
4 23 48 (-2048 2048 -472 ) (-2048 2048 2787 ) (-2048 2058 2787 ) (-2048 2058 -472 ) 
4 23 47 (-2048 2048 379.760010 ) (-2048 2048 -472 ) (-1024 2048 -472 ) (-1024 2048 379.760010 ) 
4 23 44 (-2048 2048 2787 ) (-2048 2048 379.760010 ) (-1024 2048 379.760010 ) (-1024 2048 2787 ) 
4 24 41 (-640 2048 128 ) (0 2048 128 ) (0 1920 128 ) (-640 1920 128 ) 
4 24 28 (-640 2048 128 ) (-640 1920 128 ) (-640 1920 2787 ) (-640 2048 2787 ) 
4 24 27 (-584 1920 128 ) (0 1920 128 ) (0 1920 208 ) (-608 1920 208 ) 
4 24 26 (-640 1920 2787 ) (-640 1920 376 ) (-616 1920 376 ) (-616 1920 2787 ) 
4 24 25 (-616 1920 208 ) (0 1920 208 ) (0 1920 2787 ) (-616 1920 2787 ) 
4 25 32 (0 1664 208 ) (0 1664 379.760010 ) (-616 1664 379.760010 ) (-616 1664 208 ) 
4 25 29 (0 1664 379.760010 ) (0 1664 2787 ) (-616 1664 2787 ) (-616 1664 379.760010 ) 
4 25 27 (0 1664 208 ) (-608 1664 208 ) (-608 1920 208 ) (0 1920 208 ) 
4 25 26 (-616 1664 376 ) (-616 1664 2787 ) (-616 1920 2787 ) (-616 1920 376 ) 
4 26 33 (-640 1664 379.760010 ) (-640 1664 376 ) (-616 1664 376 ) (-616 1664 379.760010 ) 
4 26 29 (-616 1664 2787 ) (-640 1664 2787 ) (-640 1664 379.760010 ) (-616 1664 379.760010 ) 
4 26 28 (-640 1664 376 ) (-640 1664 2787 ) (-640 1920 2787 ) (-640 1920 376 ) 
4 27 35 (-584 1664 128 ) (0 1664 128 ) (0 1664 208 ) (-608 1664 208 ) 
4 28 47 (-1024 2048 379.760010 ) (-1024 2048 128 ) (-1024 1664 128 ) (-1024 1664 379.760010 ) 
4 28 44 (-1024 2048 2787 ) (-1024 2048 379.760010 ) (-1024 1664 379.760010 ) (-1024 1664 2787 ) 
4 28 42 (-640 1920 128 ) (-640 1664 128 ) (-1024 1664 128 ) (-1024 1920 128 ) 
4 28 41 (-1024 2048 128 ) (-640 2048 128 ) (-640 1920 128 ) (-1024 1920 128 ) 
4 28 36 (-1024 1664 208 ) (-1024 1664 128 ) (-640 1664 128 ) (-640 1664 208 ) 
4 28 34 (-1024 1664 379.760010 ) (-1024 1664 208 ) (-640 1664 208 ) (-640 1664 379.760010 ) 
4 28 29 (-1024 1664 2787 ) (-1024 1664 379.760010 ) (-640 1664 379.760010 ) (-640 1664 2787 ) 
4 29 44 (-1024 1617.890015 2787 ) (-1024 1664 2787 ) (-1024 1664 379.760010 ) (-1024 1617.890015 379.760010 ) 
4 29 33 (-640 1664 379.760010 ) (-616 1664 379.760010 ) (-616 1617.890015 379.760010 ) (-640 1617.890015 379.760010 ) 
4 29 32 (-616 1664 379.760010 ) (0 1664 379.760010 ) (0 1617.890015 379.760010 ) (-616 1617.890015 379.760010 ) 
4 29 34 (-1024 1617.890015 379.760010 ) (-1024 1664 379.760010 ) (-640 1664 379.760010 ) (-640 1617.890015 379.760010 ) 
4 29 30 (0 1617.890015 383.760010 ) (0 1617.890015 2787 ) (-1024 1617.890015 2787 ) (-1024 1617.890015 383.760010 ) 
4 30 45 (-1024 1229.890015 2787 ) (-1024 1617.890015 2787 ) (-1024 1617.890015 383.760010 ) (-1024 1229.890015 383.760010 ) 
4 30 31 (0 1229.890015 383.760010 ) (0 1229.890015 2787 ) (-1024 1229.890015 2787 ) (-1024 1229.890015 383.760010 ) 
4 31 46 (-1024 1152 379.760010 ) (-1024 1152 2787 ) (-1024 1229.890015 2787 ) (-1024 1229.890015 379.760010 ) 
4 31 40 (-640 1152 2787 ) (-1024 1152 2787 ) (-1024 1152 379.760010 ) (-640 1152 379.760010 ) 
4 31 38 (-616 1152 2787 ) (-640 1152 2787 ) (-640 1152 379.760010 ) (-616 1152 379.760010 ) 
4 31 37 (0 1152 379.760010 ) (0 1152 2787 ) (-616 1152 2787 ) (-616 1152 379.760010 ) 
4 31 33 (-616 1152 379.760010 ) (-640 1152 379.760010 ) (-640 1229.890015 379.760010 ) (-616 1229.890015 379.760010 ) 
4 31 32 (0 1152 379.760010 ) (-616 1152 379.760010 ) (-616 1229.890015 379.760010 ) (0 1229.890015 379.760010 ) 
4 31 34 (-640 1152 379.760010 ) (-1024 1152 379.760010 ) (-1024 1229.890015 379.760010 ) (-640 1229.890015 379.760010 ) 
4 32 37 (0 1152 208 ) (0 1152 379.760010 ) (-616 1152 379.760010 ) (-616 1152 208 ) 
4 32 35 (0 1152 208 ) (-608 1152 208 ) (-608 1664 208 ) (0 1664 208 ) 
4 32 33 (-616 1152 294 ) (-616 1152 379.760010 ) (-616 1664 379.760010 ) (-616 1664 294 ) 
4 33 38 (-616 1152 379.760010 ) (-640 1152 379.760010 ) (-640 1152 376 ) (-616 1152 376 ) 
4 33 34 (-640 1152 294 ) (-640 1152 379.760010 ) (-640 1664 379.760010 ) (-640 1664 294 ) 
4 34 47 (-1024 1152 208 ) (-1024 1152 379.760010 ) (-1024 1664 379.760010 ) (-1024 1664 208 ) 
4 34 40 (-640 1152 379.760010 ) (-1024 1152 379.760010 ) (-1024 1152 208 ) (-640 1152 208 ) 
4 34 36 (-640 1152 208 ) (-1024 1152 208 ) (-1024 1664 208 ) (-640 1664 208 ) 
4 35 39 (-584 1152 128 ) (0 1152 128 ) (0 1152 208 ) (-608 1152 208 ) 
4 36 47 (-1024 1664 128 ) (-1024 1152 128 ) (-1024 1152 208 ) (-1024 1664 208 ) 
4 36 42 (-640 1152 128 ) (-1024 1152 128 ) (-1024 1664 128 ) (-640 1664 128 ) 
4 36 40 (-1024 1152 128 ) (-640 1152 128 ) (-640 1152 208 ) (-1024 1152 208 ) 
4 37 131 (0 1024 208 ) (0 1024 2787 ) (-616 1024 2787 ) (-616 1024 208 ) 
4 37 39 (-608 1152 208 ) (0 1152 208 ) (0 1024 208 ) (-608 1024 208 ) 
4 37 38 (-616 1024 376 ) (-616 1024 2787 ) (-616 1152 2787 ) (-616 1152 376 ) 
4 38 132 (-616 1024 2787 ) (-640 1024 2787 ) (-640 1024 376 ) (-616 1024 376 ) 
4 38 40 (-640 1152 2787 ) (-640 1152 376 ) (-640 1024 376 ) (-640 1024 2787 ) 
4 39 133 (0 1024 128 ) (0 1024 208 ) (-608 1024 208 ) (-584 1024 128 ) 
4 40 134 (-1024 1024 2787 ) (-1024 1024 128 ) (-640 1024 128 ) (-640 1024 2787 ) 
4 40 47 (-1024 1152 128 ) (-1024 1024 128 ) (-1024 1024 379.760010 ) (-1024 1152 379.760010 ) 
4 40 46 (-1024 1024 379.760010 ) (-1024 1024 2787 ) (-1024 1152 2787 ) (-1024 1152 379.760010 ) 
4 40 42 (-640 1024 128 ) (-1024 1024 128 ) (-1024 1152 128 ) (-640 1152 128 ) 
4 41 47 (-1024 2048 128 ) (-1024 2048 120 ) (-1024 1920 120 ) (-1024 1920 128 ) 
4 41 43 (-1024 1920 120 ) (-1024 2048 120 ) (0 2048 120 ) (0 1920 120 ) 
4 41 42 (-1024 1920 120 ) (-639 1920 120 ) (-639 1920 128 ) (-1024 1920 128 ) 
4 42 135 (-639 1024 128 ) (-1024 1024 128 ) (-1024 1024 120 ) (-639 1024 120 ) 
4 42 47 (-1024 1920 120 ) (-1024 1024 120 ) (-1024 1024 128 ) (-1024 1920 128 ) 
4 42 43 (-639 1024 120 ) (-1024 1024 120 ) (-1024 1920 120 ) (-639 1920 120 ) 
4 43 136 (0 1024 -472 ) (0 1024 120 ) (-1024 1024 120 ) (-1024 1024 -472 ) 
4 43 47 (-1024 2048 120 ) (-1024 2048 -472 ) (-1024 1024 -472 ) (-1024 1024 120 ) 
4 44 49 (-2048 1617.890015 2787 ) (-2048 2048 2787 ) (-2048 2048 379.760010 ) (-2048 1617.890015 379.760010 ) 
4 44 47 (-2048 1617.890015 379.760010 ) (-2048 2048 379.760010 ) (-1024 2048 379.760010 ) (-1024 1617.890015 379.760010 ) 
4 44 45 (-1024 1617.890015 383.760010 ) (-1024 1617.890015 2787 ) (-2048 1617.890015 2787 ) (-2048 1617.890015 383.760010 ) 
4 45 50 (-2048 1229.890015 2787 ) (-2048 1617.890015 2787 ) (-2048 1617.890015 383.760010 ) (-2048 1229.890015 383.760010 ) 
4 45 46 (-1024 1229.890015 383.760010 ) (-1024 1229.890015 2787 ) (-2048 1229.890015 2787 ) (-2048 1229.890015 383.760010 ) 
4 46 137 (-1024 1024 379.760010 ) (-1024 1024 2787 ) (-2048 1024 2787 ) (-2048 1024 379.760010 ) 
4 46 52 (-2048 1024 379.760010 ) (-2048 1024 2787 ) (-2048 1229.890015 2787 ) (-2048 1229.890015 379.760010 ) 
4 46 47 (-2048 1024 379.760010 ) (-2048 1229.890015 379.760010 ) (-1024 1229.890015 379.760010 ) (-1024 1024 379.760010 ) 
4 47 137 (-1024 1024 -472 ) (-1024 1024 379.760010 ) (-2048 1024 379.760010 ) (-2048 1024 -472 ) 
4 47 51 (-2048 1229.890015 379.760010 ) (-2048 1617.890015 379.760010 ) (-2048 1617.890015 -472 ) (-2048 1229.890015 -472 ) 
4 47 49 (-2048 1617.890015 379.760010 ) (-2048 2048 379.760010 ) (-2048 2048 -472 ) (-2048 1617.890015 -472 ) 
4 47 52 (-2048 1024 -472 ) (-2048 1024 379.760010 ) (-2048 1229.890015 379.760010 ) (-2048 1229.890015 -472 ) 
4 48 53 (-2343.970215 2048 2787 ) (-2489 2048 2787 ) (-2489 2048 -472 ) (-2343.970215 2048 -472 ) 
4 48 49 (-2048 2048 -472 ) (-2048 2048 2787 ) (-2343.970215 2048 2787 ) (-2343.970215 2048 -472 ) 
4 49 53 (-2343.970215 2048 -472 ) (-2343.970215 1617.890015 -472 ) (-2343.970215 1617.890015 2787 ) (-2343.970215 2048 2787 ) 
4 49 50 (-2343.970215 1617.890015 2787 ) (-2343.970215 1617.890015 383.760010 ) (-2048 1617.890015 383.760010 ) (-2048 1617.890015 2787 ) 
4 49 51 (-2343.970215 1617.890015 379.760010 ) (-2343.970215 1617.890015 -472 ) (-2048 1617.890015 -472 ) (-2048 1617.890015 379.760010 ) 
4 50 53 (-2343.970215 1229.890015 383.760010 ) (-2343.970215 1229.890015 2787 ) (-2343.970215 1617.890015 2787 ) (-2343.970215 1617.890015 383.760010 ) 
4 50 52 (-2343.970215 1229.890015 2787 ) (-2343.970215 1229.890015 383.760010 ) (-2048 1229.890015 383.760010 ) (-2048 1229.890015 2787 ) 
4 51 53 (-2343.970215 1617.890015 -472 ) (-2343.970215 1229.890015 -472 ) (-2343.970215 1229.890015 379.760010 ) (-2343.970215 1617.890015 379.760010 ) 
4 51 52 (-2343.970215 1229.890015 379.760010 ) (-2343.970215 1229.890015 -472 ) (-2048 1229.890015 -472 ) (-2048 1229.890015 379.760010 ) 
4 52 159 (-2048 1024 -472 ) (-2048 1024 2787 ) (-2343.970215 1024 2787 ) (-2343.970215 1024 -472 ) 
4 52 53 (-2343.970215 1229.890015 -472 ) (-2343.970215 1024 -472 ) (-2343.970215 1024 2787 ) (-2343.970215 1229.890015 2787 ) 
4 53 159 (-2343.970215 1024 2787 ) (-2489 1024 2787 ) (-2489 1024 -472 ) (-2343.970215 1024 -472 ) 
4 54 89 (1953 0 2787 ) (1280 0 2787 ) (1280 0 -472 ) (1953 0 -472 ) 
4 54 55 (1280 0 128 ) (1280 0 2787 ) (1280 1024 2787 ) (1280 1024 128 ) 
4 54 56 (1280 1024 -472 ) (1280 0 -472 ) (1280 0 120 ) (1280 1024 120 ) 
4 55 90 (1280 0 2787 ) (1024 0 2787 ) (1024 0 128 ) (1280 0 128 ) 
4 55 65 (1024 320 295.595093 ) (1024 320 298.385315 ) (1024 352 298.385406 ) (1024 352 295.595093 ) 
4 55 64 (1024 352 128 ) (1024 320 128 ) (1024 320 295.595093 ) (1024 352 295.595093 ) 
4 55 63 (1024 320 298.385315 ) (1024 320 2787 ) (1024 352 2787 ) (1024 352 298.385406 ) 
4 55 62 (1024 640 128 ) (1024 352 128 ) (1024 352 2787 ) (1024 640 2787 ) 
4 55 66 (1024 320 128 ) (1024 0 128 ) (1024 0 2787 ) (1024 320 2787 ) 
4 55 57 (1024 1024 2787 ) (1024 1024 128 ) (1024 640 128 ) (1024 640 2787 ) 
4 56 91 (1024 0 120 ) (1024 0 -472 ) (1280 0 -472 ) (1280 0 120 ) 
4 56 88 (1024 640 -472 ) (1024 0 -472 ) (1024 0 -8 ) (1024 640 -8 ) 
4 56 83 (1024 0 -8 ) (1024 0 0 ) (1024 640 0 ) (1024 640 -8 ) 
4 56 67 (1024 0 0 ) (1024 0 120 ) (1024 640 120 ) (1024 640 0 ) 
4 56 61 (1024 1024 -8 ) (1024 1024 -472 ) (1024 640 -472 ) (1024 640 -8 ) 
4 56 58 (1024 1024 120 ) (1024 1024 -8 ) (1024 640 -8 ) (1024 640 120 ) 
4 57 133 (0 1024 208 ) (0 1024 128 ) (0 640 128 ) (0 640 208 ) 
4 57 131 (0 1024 2787 ) (0 1024 208 ) (0 640 208 ) (0 640 2787 ) 
4 57 62 (1024 640 128 ) (1024 640 2787 ) (0 640 2787 ) (0 640 128 ) 
4 58 85 (640 640 0 ) (445 640 0 ) (445 640 -8 ) (640 640 -8 ) 
4 58 83 (1024 640 -8 ) (1024 640 0 ) (640 640 0 ) (640 640 -8 ) 
4 58 70 (445 640 0 ) (640 640 0 ) (640 640 108 ) (445 640 108 ) 
4 58 69 (640 640 120 ) (445 640 120 ) (445 640 108 ) (640 640 108 ) 
4 58 67 (1024 640 0 ) (1024 640 120 ) (640 640 120 ) (640 640 0 ) 
4 58 61 (1024 640 -8 ) (358 640 -8 ) (358 1024 -8 ) (1024 1024 -8 ) 
4 59 71 (288 640 108 ) (288 640 0 ) (350 640 0 ) (350 640 108 ) 
4 60 136 (0 1024 120 ) (0 1024 -8 ) (0 640 -8 ) (0 640 120 ) 
4 60 84 (0 640 0 ) (0 640 -8 ) (192 640 -8 ) (192 640 0 ) 
4 60 68 (192 640 120 ) (0 640 120 ) (0 640 0 ) (192 640 0 ) 
4 60 61 (280 640 -8 ) (0 640 -8 ) (0 1024 -8 ) (280 1024 -8 ) 
4 61 136 (0 1024 -8 ) (0 1024 -472 ) (0 640 -472 ) (0 640 -8 ) 
4 61 88 (1024 640 -472 ) (1024 640 -8 ) (0 640 -8 ) (0 640 -472 ) 
4 62 133 (0 640 208 ) (0 640 128 ) (0 352 128 ) (0 352 208 ) 
4 62 131 (0 352 2787 ) (0 640 2787 ) (0 640 208 ) (0 352 208 ) 
6 62 73 (632 352 128 ) (8 352 128 ) (8 445 128 ) (192 632 128 ) (445 632 128 ) (632 445 128 ) 
4 62 65 (639 352 130.653015 ) (1024 352 295.595093 ) (1024 352 298.385315 ) (637.963989 352 133 ) 
3 62 64 (632.807495 352 128 ) (1024 352 128 ) (1024 352 295.595093 ) 
5 62 63 (0 352 128 ) (626.293213 352 128 ) (1024 352 298.385315 ) (1024 352 2787 ) (0 352 2787 ) 
4 63 133 (0 352 208 ) (0 352 128 ) (0 320 128 ) (0 320 208 ) 
4 63 131 (0 320 2787 ) (0 352 2787 ) (0 352 208 ) (0 320 208 ) 
4 63 74 (626.293213 320 128 ) (8 320 128 ) (8 352 128 ) (626.293213 352 128 ) 
4 63 65 (1024 320 298.384247 ) (637.964417 320 133 ) (637.964417 352 133 ) (1024 352 298.384247 ) 
5 63 66 (0 320 128 ) (626.293213 320 128 ) (1024 320 298.385315 ) (1024 320 2787 ) (0 320 2787 ) 
4 64 65 (1024 352 295.596558 ) (639 352 130.654266 ) (639 320 130.654266 ) (1024 320 295.596558 ) 
3 64 66 (632.807495 320 128 ) (1024 320 128 ) (1024 320 295.595093 ) 
4 65 66 (639 320 130.653015 ) (1024 320 295.595093 ) (1024 320 298.385315 ) (637.963989 320 133 ) 
4 66 133 (0 0 128 ) (0 0 208 ) (0 320 208 ) (0 320 128 ) 
4 66 131 (0 0 208 ) (0 0 2787 ) (0 320 2787 ) (0 320 208 ) 
4 66 92 (1024 0 128 ) (1024 0 2787 ) (0 0 2787 ) (0 0 128 ) 
6 66 79 (8 192 128 ) (8 320 128 ) (632 320 128 ) (632 191.982285 128 ) (445 8 128 ) (192 8 128 ) 
4 67 102 (1024 0 0 ) (1024 0 120 ) (640 0 120 ) (640 0 0 ) 
4 67 83 (1024 0 0 ) (640 0 0 ) (640 640 0 ) (1024 640 0 ) 
4 67 81 (640 8 0 ) (640 0 0 ) (640 0 108 ) (640 8 108 ) 
4 67 80 (640 0 108 ) (640 0 120 ) (640 8 120 ) (640 8 108 ) 
4 67 78 (640 192 0 ) (640 8 0 ) (640 8 120 ) (640 192 120 ) 
4 67 72 (640 632 0 ) (640 445 0 ) (640 445 120 ) (640 632 120 ) 
4 67 70 (640 640 0 ) (640 632 0 ) (640 632 108 ) (640 640 108 ) 
4 67 69 (640 632 108 ) (640 632 120 ) (640 640 120 ) (640 640 108 ) 
4 68 136 (0 640 120 ) (0 640 0 ) (0 445 0 ) (0 445 120 ) 
3 68 84 (0 445 0 ) (0 640 0 ) (192 640 0 ) 
4 69 72 (453 632 108 ) (640 632 108 ) (640 632 120 ) (453 632 120 ) 
4 69 70 (640 632 108 ) (453 632 108 ) (445 640 108 ) (640 640 108 ) 
4 70 85 (445 640 0 ) (640 640 0 ) (640 632 0 ) (453 632 0 ) 
4 70 72 (453 632 0 ) (640 632 0 ) (640 632 108 ) (453 632 108 ) 
4 71 73 (288 632 0 ) (350 632 0 ) (350 632 108 ) (288 632 108 ) 
3 72 85 (453 632 0 ) (640 632 0 ) (640 445 0 ) 
3 73 76 (334.036011 352 0 ) (632 352 0 ) (632 352 127.654053 ) 
3 73 75 (327.520508 352 0 ) (334.036011 352 0 ) (333 352 2.347519 ) 
4 73 74 (8 352 128 ) (8 352 0 ) (327.520508 352 0 ) (626.293152 352 128 ) 
4 74 79 (8 320 0 ) (327.520538 320 0 ) (626.293152 320 128 ) (8 320 128 ) 
4 74 75 (327.523315 352 0 ) (333 352 2.346509 ) (333 320 2.346512 ) (327.523315 320 0 ) 
3 75 79 (327.520538 320 0 ) (334.036011 320 0 ) (333 320 2.347511 ) 
3 76 79 (334.036011 320 0 ) (632 320 0 ) (632 320 127.654053 ) 
4 77 136 (0 0 0 ) (0 0 120 ) (0 192 120 ) (0 192 0 ) 
4 77 104 (0 0 120 ) (0 0 0 ) (192 0 0 ) (192 0 120 ) 
3 77 87 (192 0 0 ) (0 0 0 ) (0 192 0 ) 
3 78 86 (640 192 0 ) (640 8 0 ) (453.125000 8 0 ) 
4 78 81 (453.125000 8 0 ) (640 8 0 ) (640 8 108 ) (453.125000 8 108 ) 
4 78 80 (640 8 108 ) (640 8 120 ) (453.125000 8 120 ) (453.125000 8 108 ) 
4 79 82 (288 8 0 ) (350 8 0 ) (350 8 108 ) (288 8 108 ) 
4 80 102 (445 0 120 ) (445 0 108 ) (640 0 108 ) (640 0 120 ) 
4 80 81 (453.125000 8 108 ) (640 8 108 ) (640 0 108 ) (445 0 108 ) 
4 81 102 (445 0 0 ) (640 0 0 ) (640 0 108 ) (445 0 108 ) 
4 81 86 (640 0 0 ) (445 0 0 ) (453.125000 8 0 ) (640 8 0 ) 
4 82 103 (288 0 0 ) (350 0 0 ) (350 0 108 ) (288 0 108 ) 
4 83 102 (1024 0 -8 ) (1024 0 0 ) (640 0 0 ) (640 0 -8 ) 
4 83 88 (640 640 -8 ) (1024 640 -8 ) (1024 0 -8 ) (640 0 -8 ) 
4 83 86 (640 192 -8 ) (640 0 -8 ) (640 0 0 ) (640 192 0 ) 
4 83 85 (640 640 -8 ) (640 445 -8 ) (640 445 0 ) (640 640 0 ) 
4 84 136 (0 445 0 ) (0 640 0 ) (0 640 -8 ) (0 445 -8 ) 
3 84 88 (0 640 -8 ) (192 640 -8 ) (0 445 -8 ) 
3 85 88 (445 640 -8 ) (640 640 -8 ) (640 445 -8 ) 
4 86 102 (640 0 0 ) (445 0 0 ) (445 0 -8 ) (640 0 -8 ) 
3 86 88 (640 192 -8 ) (640 0 -8 ) (445 0 -8 ) 
4 87 136 (0 0 -8 ) (0 0 0 ) (0 192 0 ) (0 192 -8 ) 
4 87 104 (192 0 0 ) (0 0 0 ) (0 0 -8 ) (192 0 -8 ) 
3 87 88 (192 0 -8 ) (0 0 -8 ) (0 192 -8 ) 
4 88 136 (0 0 -472 ) (0 0 -8 ) (0 640 -8 ) (0 640 -472 ) 
4 88 105 (1024 0 -472 ) (1024 0 -8 ) (0 0 -8 ) (0 0 -472 ) 
4 89 117 (1953 -1024 2787 ) (1280 -1024 2787 ) (1280 -1024 -472 ) (1953 -1024 -472 ) 
4 89 90 (1280 -1024 128 ) (1280 -1024 2787 ) (1280 0 2787 ) (1280 0 128 ) 
4 89 91 (1280 0 -472 ) (1280 -1024 -472 ) (1280 -1024 120 ) (1280 0 120 ) 
4 90 118 (1280 -1024 2787 ) (1024 -1024 2787 ) (1024 -1024 128 ) (1280 -1024 128 ) 
4 90 112 (1024 -647.930054 128 ) (1024 -1024 128 ) (1024 -1024 2787 ) (1024 -647.930054 2787 ) 
4 90 110 (1024 -640 128 ) (1024 -647.930054 128 ) (1024 -647.930054 640 ) (1024 -640 640 ) 
4 90 109 (1024 -647.930054 640 ) (1024 -647.930054 2787 ) (1024 -640 2787 ) (1024 -640 640 ) 
4 90 107 (1024 -127.977005 128 ) (1024 -640 128 ) (1024 -640 640 ) (1024 -127.977005 640 ) 
4 90 106 (1024 -640 640 ) (1024 -640 2787 ) (1024 -127.977005 2787 ) (1024 -127.977005 640 ) 
4 90 95 (1024 -120 128 ) (1024 -127.977005 128 ) (1024 -127.977005 640 ) (1024 -120 640 ) 
4 90 94 (1024 -127.977005 640 ) (1024 -127.977005 2787 ) (1024 -120 2787 ) (1024 -120 640 ) 
4 90 93 (1024 -64 128 ) (1024 -120 128 ) (1024 -120 2787 ) (1024 -64 2787 ) 
4 90 92 (1024 0 2787 ) (1024 0 128 ) (1024 -64 128 ) (1024 -64 2787 ) 
4 91 119 (1024 -1024 120 ) (1024 -1024 -472 ) (1280 -1024 -472 ) (1280 -1024 120 ) 
4 91 116 (1024 -127.977005 -472 ) (1024 -1024 -472 ) (1024 -1024 -8 ) (1024 -127.977005 -8 ) 
4 91 113 (1024 -1024 -8 ) (1024 -1024 120 ) (1024 -127.977005 120 ) (1024 -127.977005 -8 ) 
4 91 105 (1024 0 -8 ) (1024 0 -472 ) (1024 -127.977005 -472 ) (1024 -127.977005 -8 ) 
4 91 102 (1024 0 120 ) (1024 0 -8 ) (1024 -127.977005 -8 ) (1024 -127.977005 120 ) 
4 92 152 (0 0 176 ) (0 0 128 ) (0 -64 128 ) (0 -64 176 ) 
4 92 139 (0 0 640 ) (0 0 176 ) (0 -64 176 ) (0 -64 640 ) 
4 92 138 (0 0 2787 ) (0 0 640 ) (0 -64 640 ) (0 -64 2787 ) 
5 92 93 (179 -64 128 ) (1024 -64 128 ) (1024 -64 2787 ) (0 -64 2787 ) (0 -64 172.749939 ) 
4 93 139 (0 -120 176 ) (0 -120 640 ) (0 -64 640 ) (0 -64 176 ) 
4 93 138 (0 -120 640 ) (0 -120 2787 ) (0 -64 2787 ) (0 -64 640 ) 
5 93 100 (179 -120 128 ) (240 -120 128 ) (240 -120 640 ) (144 -120 640 ) (144 -120 136.749985 ) 
4 93 101 (112 -120 640 ) (16 -120 640 ) (16 -120 168.749939 ) (112 -120 144.749969 ) 
4 93 99 (272 -120 128 ) (368 -120 128 ) (368 -120 640 ) (272 -120 640 ) 
4 93 98 (400 -120 128 ) (495 -120 128 ) (495 -120 640 ) (400 -120 640 ) 
4 93 96 (655 -120 128 ) (752 -120 128 ) (752 -120 640 ) (655 -120 640 ) 
4 93 97 (527 -120 128 ) (623 -120 128 ) (623 -120 640 ) (527 -120 640 ) 
4 93 95 (776 -120 128 ) (1024 -120 128 ) (1024 -120 640 ) (776 -120 640 ) 
4 93 94 (1024 -120 640 ) (1024 -120 2787 ) (0 -120 2787 ) (0 -120 640 ) 
4 94 138 (0 -127.977005 640 ) (0 -127.977005 2787 ) (0 -120 2787 ) (0 -120 640 ) 
4 94 106 (1024 -127.977005 640 ) (1024 -127.977005 2787 ) (0 -127.977005 2787 ) (0 -127.977005 640 ) 
4 94 100 (240 -127.977005 640 ) (144 -127.977005 640 ) (144 -120 640 ) (240 -120 640 ) 
4 94 101 (112 -127.977005 640 ) (16 -127.977005 640 ) (16 -120 640 ) (112 -120 640 ) 
4 94 99 (368 -127.977005 640 ) (272 -127.977005 640 ) (272 -120 640 ) (368 -120 640 ) 
4 94 98 (495 -127.977005 640 ) (400 -127.977005 640 ) (400 -120 640 ) (495 -120 640 ) 
4 94 96 (752 -127.977005 640 ) (655 -127.977005 640 ) (655 -120 640 ) (752 -120 640 ) 
4 94 97 (623 -127.977005 640 ) (527 -127.977005 640 ) (527 -120 640 ) (623 -120 640 ) 
4 94 95 (1024 -127.977005 640 ) (776 -127.977005 640 ) (776 -120 640 ) (1024 -120 640 ) 
4 95 107 (1024 -127.977005 128 ) (1024 -127.977005 640 ) (776 -127.977005 640 ) (776 -127.977005 128 ) 
4 102 113 (1024 -127.977005 -8 ) (1024 -127.977005 120 ) (358 -127.977005 120 ) (358 -127.977005 -8 ) 
4 102 105 (1024 -127.977005 -8 ) (358 -127.977005 -8 ) (358 0 -8 ) (1024 0 -8 ) 
4 103 114 (350 -127.977005 120 ) (288 -127.977005 120 ) (288 -127.977005 0 ) (350 -127.977005 0 ) 
4 104 157 (0 -127.977005 -8 ) (0 -127.977005 120 ) (0 0 120 ) (0 0 -8 ) 
4 104 115 (280 -127.977005 120 ) (0 -127.977005 120 ) (0 -127.977005 -8 ) (280 -127.977005 -8 ) 
4 104 105 (280 -127.977005 -8 ) (0 -127.977005 -8 ) (0 0 -8 ) (280 0 -8 ) 
4 105 157 (0 -127.977005 -472 ) (0 -127.977005 -8 ) (0 0 -8 ) (0 0 -472 ) 
4 105 116 (1024 -127.977005 -472 ) (1024 -127.977005 -8 ) (0 -127.977005 -8 ) (0 -127.977005 -472 ) 
4 106 138 (0 -127.977005 2787 ) (0 -127.977005 640 ) (0 -640 640 ) (0 -640 2787 ) 
4 106 109 (1024 -640 640 ) (1024 -640 2787 ) (0 -640 2787 ) (0 -640 640 ) 
4 106 108 (768 -624 640 ) (768 -143.929993 640 ) (776 -143.929993 640 ) (776 -624 640 ) 
4 106 107 (1024 -640 640 ) (776 -640 640 ) (776 -127.977005 640 ) (1024 -127.977005 640 ) 
4 107 110 (776 -640 128 ) (1024 -640 128 ) (1024 -640 640 ) (776 -640 640 ) 
4 107 108 (776 -143.929993 128 ) (776 -624 128 ) (776 -624 640 ) (776 -143.929993 640 ) 
4 109 138 (0 -640 2787 ) (0 -640 640 ) (0 -647.930054 640 ) (0 -647.930054 2787 ) 
4 109 112 (0 -647.930054 2787 ) (0 -647.930054 640 ) (1024 -647.930054 640 ) (1024 -647.930054 2787 ) 
4 109 111 (752 -647.930054 640 ) (16 -647.930054 640 ) (16 -640 640 ) (752 -640 640 ) 
4 109 110 (1024 -647.930054 640 ) (776 -647.930054 640 ) (776 -640 640 ) (1024 -640 640 ) 
4 110 112 (776 -647.930054 128 ) (1024 -647.930054 128 ) (1024 -647.930054 640 ) (776 -647.930054 640 ) 
4 111 112 (16 -647.930054 128 ) (752 -647.930054 128 ) (752 -647.930054 640 ) (16 -647.930054 640 ) 
4 112 153 (0 -1024 128 ) (0 -1024 176 ) (0 -896 176 ) (0 -896 128 ) 
4 112 141 (0 -1024 176 ) (0 -1024 640 ) (0 -647.930054 640 ) (0 -647.930054 176 ) 
4 112 138 (0 -1024 640 ) (0 -1024 2787 ) (0 -647.930054 2787 ) (0 -647.930054 640 ) 
4 112 121 (1024 -1024 128 ) (1024 -1024 2787 ) (0 -1024 2787 ) (0 -1024 128 ) 
4 113 122 (1024 -1024 -8 ) (1024 -1024 120 ) (358 -1024 120 ) (358 -1024 -8 ) 
4 113 116 (1024 -1024 -8 ) (358 -1024 -8 ) (358 -127.977005 -8 ) (1024 -127.977005 -8 ) 
4 114 123 (350 -1024 120 ) (288 -1024 120 ) (288 -1024 0 ) (350 -1024 0 ) 
4 115 157 (0 -1024 -8 ) (0 -1024 120 ) (0 -127.977005 120 ) (0 -127.977005 -8 ) 
4 115 124 (280 -1024 120 ) (0 -1024 120 ) (0 -1024 -8 ) (280 -1024 -8 ) 
4 115 116 (280 -1024 -8 ) (0 -1024 -8 ) (0 -127.977005 -8 ) (280 -127.977005 -8 ) 
4 116 157 (0 -1024 -472 ) (0 -1024 -8 ) (0 -127.977005 -8 ) (0 -127.977005 -472 ) 
4 116 125 (1024 -1024 -472 ) (1024 -1024 -8 ) (0 -1024 -8 ) (0 -1024 -472 ) 
4 117 118 (1280 -1280 128 ) (1280 -1280 2787 ) (1280 -1024 2787 ) (1280 -1024 128 ) 
4 117 119 (1280 -1024 -472 ) (1280 -1280 -472 ) (1280 -1280 120 ) (1280 -1024 120 ) 
4 117 120 (1280 -1280 -472 ) (1280 -1507 -472 ) (1280 -1507 2787 ) (1280 -1280 2787 ) 
4 118 121 (1024 -1024 2787 ) (1024 -1024 128 ) (1024 -1280 128 ) (1024 -1280 2787 ) 
4 118 120 (1280 -1280 128 ) (1280 -1280 2787 ) (1024 -1280 2787 ) (1024 -1280 128 ) 
4 119 125 (1024 -1024 -8 ) (1024 -1024 -472 ) (1024 -1280 -472 ) (1024 -1280 -8 ) 
4 119 122 (1024 -1024 120 ) (1024 -1024 -8 ) (1024 -1280 -8 ) (1024 -1280 120 ) 
4 119 120 (1024 -1280 -472 ) (1280 -1280 -472 ) (1280 -1280 120 ) (1024 -1280 120 ) 
4 120 126 (1024 -1280 -472 ) (1024 -1507 -472 ) (1024 -1507 2787 ) (1024 -1280 2787 ) 
4 121 163 (0 -1280 128 ) (0 -1280 208 ) (0 -1024 208 ) (0 -1024 128 ) 
4 121 162 (0 -1280 208 ) (0 -1280 376 ) (0 -1024 376 ) (0 -1024 208 ) 
4 121 161 (0 -1280 376 ) (0 -1280 2787 ) (0 -1024 2787 ) (0 -1024 376 ) 
4 121 127 (358 -1280 2787 ) (280 -1280 2787 ) (280 -1280 128 ) (358 -1280 128 ) 
4 121 126 (1024 -1280 128 ) (1024 -1280 2787 ) (358 -1280 2787 ) (358 -1280 128 ) 
4 121 130 (280 -1280 2787 ) (0 -1280 2787 ) (0 -1280 128 ) (280 -1280 128 ) 
4 122 126 (1024 -1280 -8 ) (1024 -1280 120 ) (358 -1280 120 ) (358 -1280 -8 ) 
4 122 125 (1024 -1280 -8 ) (358 -1280 -8 ) (358 -1024 -8 ) (1024 -1024 -8 ) 
4 124 166 (0 -1280 -8 ) (0 -1280 120 ) (0 -1024 120 ) (0 -1024 -8 ) 
4 124 130 (280 -1280 120 ) (0 -1280 120 ) (0 -1280 -8 ) (280 -1280 -8 ) 
4 124 125 (280 -1280 -8 ) (0 -1280 -8 ) (0 -1024 -8 ) (280 -1024 -8 ) 
4 125 166 (0 -1280 -472 ) (0 -1280 -8 ) (0 -1024 -8 ) (0 -1024 -472 ) 
4 125 128 (358 -1280 -8 ) (280 -1280 -8 ) (280 -1280 -472 ) (358 -1280 -472 ) 
4 125 126 (1024 -1280 -472 ) (1024 -1280 -8 ) (358 -1280 -8 ) (358 -1280 -472 ) 
4 125 130 (280 -1280 -8 ) (0 -1280 -8 ) (0 -1280 -472 ) (280 -1280 -472 ) 
4 126 127 (358 -1287 128 ) (358 -1287 2787 ) (358 -1280 2787 ) (358 -1280 128 ) 
4 126 128 (358 -1280 -472 ) (358 -1287 -472 ) (358 -1287 -8 ) (358 -1280 -8 ) 
4 126 129 (358 -1287 -472 ) (358 -1507 -472 ) (358 -1507 2787 ) (358 -1287 2787 ) 
4 127 130 (280 -1287 128 ) (280 -1287 2787 ) (280 -1280 2787 ) (280 -1280 128 ) 
4 127 129 (280 -1287 2787 ) (280 -1287 128 ) (358 -1287 128 ) (358 -1287 2787 ) 
4 128 129 (280 -1287 -8 ) (280 -1287 -472 ) (358 -1287 -472 ) (358 -1287 -8 ) 
4 128 130 (280 -1280 -472 ) (280 -1287 -472 ) (280 -1287 -8 ) (280 -1280 -8 ) 
4 129 130 (280 -1287 -472 ) (280 -1507 -472 ) (280 -1507 2787 ) (280 -1287 2787 ) 
4 130 167 (0 -1507 2787 ) (0 -1280 2787 ) (0 -1280 -472 ) (0 -1507 -472 ) 
4 131 143 (-160 0 208 ) (-8 0 208 ) (-8 0 344 ) (-160 0 344 ) 
4 131 149 (-616 0 344 ) (-616 0 208 ) (-160 0 208 ) (-160 0 344 ) 
4 131 142 (-8 0 2787 ) (-616 0 2787 ) (-616 0 344 ) (-8 0 344 ) 
4 131 139 (0 0 208 ) (0 0 640 ) (-8 0 640 ) (-8 0 208 ) 
4 131 138 (0 0 640 ) (0 0 2787 ) (-8 0 2787 ) (-8 0 640 ) 
4 131 133 (0 0 208 ) (-608 0 208 ) (-608 1024 208 ) (0 1024 208 ) 
4 131 132 (-616 0 376 ) (-616 0 2787 ) (-616 1024 2787 ) (-616 1024 376 ) 
4 132 150 (-616 0 2787 ) (-640 0 2787 ) (-640 0 376 ) (-616 0 376 ) 
4 132 134 (-640 1024 2787 ) (-640 1024 376 ) (-640 0 376 ) (-640 0 2787 ) 
4 133 154 (-194 0 176 ) (-598.400024 0 176 ) (-584 0 128 ) (-194 0 128 ) 
4 133 152 (0 0 128 ) (0 0 176 ) (-194 0 176 ) (-194 0 128 ) 
4 133 151 (-8 0 208 ) (-608 0 208 ) (-598.400024 0 176 ) (-8 0 176 ) 
4 133 139 (0 0 176 ) (0 0 208 ) (-8 0 208 ) (-8 0 176 ) 
4 134 155 (-1024 0 2787 ) (-1024 0 128 ) (-640 0 128 ) (-640 0 2787 ) 
4 134 137 (-1024 1024 2787 ) (-1024 1024 128 ) (-1024 0 128 ) (-1024 0 2787 ) 
4 134 135 (-640 0 128 ) (-1024 0 128 ) (-1024 1024 128 ) (-640 1024 128 ) 
4 135 156 (-639 0 128 ) (-1024 0 128 ) (-1024 0 120 ) (-639 0 120 ) 
4 135 137 (-1024 1024 128 ) (-1024 1024 120 ) (-1024 0 120 ) (-1024 0 128 ) 
4 135 136 (-1024 0 120 ) (-1024 1024 120 ) (-639 1024 120 ) (-639 0 120 ) 
4 136 157 (0 0 -472 ) (0 0 120 ) (-1024 0 120 ) (-1024 0 -472 ) 
4 136 137 (-1024 1024 120 ) (-1024 1024 -472 ) (-1024 0 -472 ) (-1024 0 120 ) 
4 137 159 (-2048 1024 2787 ) (-2048 1024 -472 ) (-2048 0 -472 ) (-2048 0 2787 ) 
4 137 158 (-1024 0 -472 ) (-1024 0 2787 ) (-2048 0 2787 ) (-2048 0 -472 ) 
4 138 161 (0 -1024 640 ) (0 -1024 2787 ) (-8 -1024 2787 ) (-8 -1024 640 ) 
4 138 142 (-8 0 2787 ) (-8 0 640 ) (-8 -1024 640 ) (-8 -1024 2787 ) 
4 138 140 (-8 -624 640 ) (-8 -143.929993 640 ) (0 -143.929993 640 ) (0 -624 640 ) 
4 138 141 (0 -1024 640 ) (-8 -1024 640 ) (-8 -647.930054 640 ) (0 -647.930054 640 ) 
4 138 139 (-8 -120 640 ) (-8 0 640 ) (0 0 640 ) (0 -120 640 ) 
4 139 152 (-8 -64 176 ) (-8 0 176 ) (0 0 176 ) (0 -64 176 ) 
4 139 151 (-8 0 208 ) (-8 0 176 ) (-8 -120 176 ) (-8 -120 208 ) 
4 139 143 (-8 0 344 ) (-8 0 208 ) (-8 -120 208 ) (-8 -120 344 ) 
4 139 142 (-8 0 640 ) (-8 0 344 ) (-8 -120 344 ) (-8 -120 640 ) 
4 140 151 (-8 -143.929993 176 ) (-8 -624 176 ) (-8 -624 208 ) (-8 -143.929993 208 ) 
3 140 146 (-8 -176 344 ) (-8 -143.929993 344 ) (-8 -143.929993 319.947510 ) 
3 140 144 (-8 -624 320 ) (-8 -624 344 ) (-8 -576 344 ) 
4 140 147 (-8 -624 208 ) (-8 -624 312 ) (-8 -143.929993 312 ) (-8 -143.929993 208 ) 
4 140 142 (-8 -624 344 ) (-8 -624 640 ) (-8 -143.929993 640 ) (-8 -143.929993 344 ) 
4 141 163 (0 -1024 176 ) (0 -1024 208 ) (-8 -1024 208 ) (-8 -1024 176 ) 
4 141 162 (0 -1024 208 ) (0 -1024 376 ) (-8 -1024 376 ) (-8 -1024 208 ) 
4 141 161 (0 -1024 376 ) (0 -1024 640 ) (-8 -1024 640 ) (-8 -1024 376 ) 
4 141 153 (0 -1024 176 ) (-8 -1024 176 ) (-8 -896 176 ) (0 -896 176 ) 
4 141 151 (-8 -647.930054 176 ) (-8 -1024 176 ) (-8 -1024 208 ) (-8 -647.930054 208 ) 
4 141 148 (-8 -1024 208 ) (-8 -1024 344 ) (-8 -647.930054 344 ) (-8 -647.930054 208 ) 
4 141 142 (-8 -1024 344 ) (-8 -1024 640 ) (-8 -647.930054 640 ) (-8 -647.930054 344 ) 
4 142 162 (-616 -1024 376 ) (-616 -1024 344 ) (-8 -1024 344 ) (-8 -1024 376 ) 
4 142 161 (-616 -1024 2787 ) (-616 -1024 376 ) (-8 -1024 376 ) (-8 -1024 2787 ) 
4 142 150 (-616 0 2787 ) (-616 0 376 ) (-616 -1024 376 ) (-616 -1024 2787 ) 
4 142 146 (-8 -144 344 ) (-8 -176 344 ) (-120 -176 344 ) (-120 -144 344 ) 
4 142 145 (-120 -576 344 ) (-160 -576 344 ) (-160 -144 344 ) (-120 -144 344 ) 
4 142 144 (-8 -576 344 ) (-8 -624 344 ) (-160 -624 344 ) (-160 -576 344 ) 
4 142 143 (-160 0 344 ) (-8 0 344 ) (-8 -144 344 ) (-160 -144 344 ) 
4 142 148 (-8 -624 344 ) (-8 -1024 344 ) (-160 -1024 344 ) (-160 -624 344 ) 
4 142 149 (-616 -1024 344 ) (-616 0 344 ) (-160 0 344 ) (-160 -1024 344 ) 
4 143 151 (-160 0 208 ) (-8 0 208 ) (-8 -144 208 ) (-160 -144 208 ) 
4 143 146 (-160 -144 320 ) (-8 -144 320 ) (-8 -144 344 ) (-120 -144 344 ) 
3 143 145 (-160 -144 344 ) (-160 -144 320 ) (-120 -144 344 ) 
4 143 147 (-160 -144 312 ) (-160 -144 208 ) (-8 -144 208 ) (-8 -144 312 ) 
4 143 149 (-160 0 208 ) (-160 -144 208 ) (-160 -144 344 ) (-160 0 344 ) 
3 144 145 (-160 -624 320 ) (-160 -576 344 ) (-120 -576 344 ) 
4 144 148 (-160 -624 344 ) (-160 -624 320 ) (-8 -624 320 ) (-8 -624 344 ) 
3 144 149 (-160 -624 320 ) (-160 -624 344 ) (-160 -576 344 ) 
3 145 146 (-160 -144 320 ) (-120 -144 344 ) (-120 -176 344 ) 
4 145 149 (-160 -624 320 ) (-160 -576 344 ) (-160 -144 344 ) (-160 -144 320 ) 
4 147 151 (-8 -144 208 ) (-8 -624 208 ) (-160 -624 208 ) (-160 -144 208 ) 
4 147 149 (-160 -144 208 ) (-160 -624 208 ) (-160 -624 312 ) (-160 -144 312 ) 
4 147 148 (-160 -624 312 ) (-160 -624 208 ) (-8 -624 208 ) (-8 -624 312 ) 
4 148 162 (-160 -1024 208 ) (-8 -1024 208 ) (-8 -1024 344 ) (-160 -1024 344 ) 
4 148 151 (-8 -624 208 ) (-8 -1024 208 ) (-160 -1024 208 ) (-160 -624 208 ) 
4 148 149 (-160 -624 208 ) (-160 -1024 208 ) (-160 -1024 344 ) (-160 -624 344 ) 
4 149 162 (-616 -1024 344 ) (-616 -1024 208 ) (-160 -1024 208 ) (-160 -1024 344 ) 
4 149 151 (-608 0 208 ) (-160 0 208 ) (-160 -1024 208 ) (-608 -1024 208 ) 
4 150 161 (-640 -1024 2787 ) (-640 -1024 376 ) (-616 -1024 376 ) (-616 -1024 2787 ) 
4 150 155 (-640 0 2787 ) (-640 0 376 ) (-640 -1024 376 ) (-640 -1024 2787 ) 
4 151 163 (-598.400024 -1024 176 ) (-8 -1024 176 ) (-8 -1024 208 ) (-608 -1024 208 ) 
4 151 154 (-194 -1024 176 ) (-598.400024 -1024 176 ) (-598.400024 0 176 ) (-194 0 176 ) 
4 151 152 (-194 -64 176 ) (-194 0 176 ) (-8 0 176 ) (-8 -64 176 ) 
4 151 153 (-8 -1024 176 ) (-194 -1024 176 ) (-194 -896 176 ) (-8 -896 176 ) 
4 152 154 (-194 0 128 ) (-194 -64 128 ) (-194 -64 176 ) (-194 0 176 ) 
4 153 163 (0 -1024 128 ) (0 -1024 176 ) (-194 -1024 176 ) (-194 -1024 128 ) 
4 153 154 (-194 -896 128 ) (-194 -1024 128 ) (-194 -1024 176 ) (-194 -896 176 ) 
4 154 163 (-194 -1024 176 ) (-598.400024 -1024 176 ) (-584 -1024 128 ) (-194 -1024 128 ) 
4 155 164 (-1024 -1024 2787 ) (-1024 -1024 128 ) (-640 -1024 128 ) (-640 -1024 2787 ) 
4 155 158 (-1024 0 2787 ) (-1024 0 128 ) (-1024 -1024 128 ) (-1024 -1024 2787 ) 
4 155 156 (-640 -1024 128 ) (-1024 -1024 128 ) (-1024 0 128 ) (-640 0 128 ) 
4 156 165 (-639 -1024 128 ) (-1024 -1024 128 ) (-1024 -1024 120 ) (-639 -1024 120 ) 
4 156 158 (-1024 0 128 ) (-1024 0 120 ) (-1024 -1024 120 ) (-1024 -1024 128 ) 
4 156 157 (-1024 -1024 120 ) (-1024 0 120 ) (-639 0 120 ) (-639 -1024 120 ) 
4 157 166 (0 -1024 -472 ) (0 -1024 120 ) (-1024 -1024 120 ) (-1024 -1024 -472 ) 
4 157 158 (-1024 0 120 ) (-1024 0 -472 ) (-1024 -1024 -472 ) (-1024 -1024 120 ) 
4 158 168 (-1024 -1024 -472 ) (-1024 -1024 2787 ) (-2048 -1024 2787 ) (-2048 -1024 -472 ) 
4 158 160 (-2048 -1024 -472 ) (-2048 -1024 2787 ) (-2048 0 2787 ) (-2048 0 -472 ) 
4 159 160 (-2048 0 -472 ) (-2048 0 2787 ) (-2489 0 2787 ) (-2489 0 -472 ) 
4 160 169 (-2048 -1024 -472 ) (-2048 -1024 2787 ) (-2489 -1024 2787 ) (-2489 -1024 -472 ) 
4 161 167 (0 -1280 376 ) (0 -1280 2787 ) (-640 -1280 2787 ) (-640 -1280 376 ) 
4 161 164 (-640 -1280 376 ) (-640 -1280 2787 ) (-640 -1024 2787 ) (-640 -1024 376 ) 
4 161 162 (0 -1280 376 ) (-616 -1280 376 ) (-616 -1024 376 ) (0 -1024 376 ) 
4 162 167 (0 -1280 208 ) (0 -1280 376 ) (-616 -1280 376 ) (-616 -1280 208 ) 
4 162 163 (0 -1280 208 ) (-608 -1280 208 ) (-608 -1024 208 ) (0 -1024 208 ) 
4 163 167 (0 -1280 128 ) (0 -1280 208 ) (-608 -1280 208 ) (-584 -1280 128 ) 
4 164 168 (-1024 -1024 2787 ) (-1024 -1024 128 ) (-1024 -1280 128 ) (-1024 -1280 2787 ) 
4 164 167 (-1024 -1280 2787 ) (-1024 -1280 128 ) (-640 -1280 128 ) (-640 -1280 2787 ) 
4 164 165 (-640 -1280 128 ) (-1024 -1280 128 ) (-1024 -1024 128 ) (-640 -1024 128 ) 
4 165 168 (-1024 -1024 128 ) (-1024 -1024 120 ) (-1024 -1280 120 ) (-1024 -1280 128 ) 
4 165 167 (-639 -1280 128 ) (-1024 -1280 128 ) (-1024 -1280 120 ) (-639 -1280 120 ) 
4 165 166 (-639 -1280 120 ) (-1024 -1280 120 ) (-1024 -1024 120 ) (-639 -1024 120 ) 
4 166 168 (-1024 -1024 120 ) (-1024 -1024 -472 ) (-1024 -1280 -472 ) (-1024 -1280 120 ) 
4 166 167 (0 -1280 -472 ) (0 -1280 120 ) (-1024 -1280 120 ) (-1024 -1280 -472 ) 
4 167 168 (-1024 -1507 2787 ) (-1024 -1280 2787 ) (-1024 -1280 -472 ) (-1024 -1507 -472 ) 
4 168 169 (-2048 -1024 2787 ) (-2048 -1024 -472 ) (-2048 -1507 -472 ) (-2048 -1507 2787 ) 
