PRT1
235
742
4 0 7 (1024 2048 379.760010 ) (1024 2048 -472 ) (1280 2048 -472 ) (1280 2048 379.760010 ) 
4 0 6 (1280 2048 -472 ) (1953 2048 -472 ) (1953 2048 379.760010 ) (1280 2048 379.760010 ) 
4 0 3 (1881.030029 2048 2787 ) (1024 2048 2787 ) (1024 2048 379.760010 ) (1881.030029 2048 379.760010 ) 
4 0 2 (1953 2048 2787 ) (1881.030029 2048 2787 ) (1881.030029 2048 379.760010 ) (1953 2048 379.760010 ) 
4 0 1 (1024 2048 -472 ) (1024 2048 2787 ) (1024 2058 2787 ) (1024 2058 -472 ) 
4 1 22 (0 2048 -472 ) (0 2048 2787 ) (0 2058 2787 ) (0 2058 -472 ) 
4 1 21 (1024 2048 -472 ) (1024 2048 -8 ) (0 2048 -8 ) (0 2048 -472 ) 
4 1 16 (358 2048 120 ) (280 2048 120 ) (280 2048 -8 ) (358 2048 -8 ) 
4 1 15 (1024 2048 -8 ) (1024 2048 120 ) (358 2048 120 ) (358 2048 -8 ) 
4 1 17 (280 2048 120 ) (0 2048 120 ) (0 2048 -8 ) (280 2048 -8 ) 
4 1 13 (1024 2048 120 ) (1024 2048 379.760010 ) (0 2048 379.760010 ) (0 2048 120 ) 
4 1 10 (1024 2048 379.760010 ) (1024 2048 2787 ) (0 2048 2787 ) (0 2048 379.760010 ) 
4 2 54 (1953 1024 2787 ) (1881.030029 1024 2787 ) (1881.030029 1024 379.760010 ) (1953 1024 379.760010 ) 
4 2 6 (1881.030029 2048 379.760010 ) (1953 2048 379.760010 ) (1953 1024 379.760010 ) (1881.030029 1024 379.760010 ) 
4 2 4 (1881.030029 1229.890015 383.760010 ) (1881.030029 1229.890015 2787 ) (1881.030029 1617.890015 2787 ) (1881.030029 1617.890015 383.760010 ) 
4 2 3 (1881.030029 2048 379.760010 ) (1881.030029 1617.890015 379.760010 ) (1881.030029 1617.890015 2787 ) (1881.030029 2048 2787 ) 
4 2 5 (1881.030029 1229.890015 379.760010 ) (1881.030029 1024 379.760010 ) (1881.030029 1024 2787 ) (1881.030029 1229.890015 2787 ) 
4 3 10 (1024 2048 2787 ) (1024 2048 379.760010 ) (1024 1617.890015 379.760010 ) (1024 1617.890015 2787 ) 
4 3 8 (1024 1617.890015 379.760010 ) (1024 1920 379.760010 ) (1280 1920 379.760010 ) (1280 1617.890015 379.760010 ) 
4 3 7 (1024 1920 379.760010 ) (1024 2048 379.760010 ) (1280 2048 379.760010 ) (1280 1920 379.760010 ) 
4 3 6 (1280 2048 379.760010 ) (1881.030029 2048 379.760010 ) (1881.030029 1617.890015 379.760010 ) (1280 1617.890015 379.760010 ) 
4 3 4 (1881.030029 1617.890015 383.760010 ) (1881.030029 1617.890015 2787 ) (1024 1617.890015 2787 ) (1024 1617.890015 383.760010 ) 
4 4 11 (1024 1229.890015 383.760010 ) (1024 1229.890015 2787 ) (1024 1617.890015 2787 ) (1024 1617.890015 383.760010 ) 
4 4 5 (1881.030029 1229.890015 383.760010 ) (1881.030029 1229.890015 2787 ) (1024 1229.890015 2787 ) (1024 1229.890015 383.760010 ) 
4 5 55 (1280 1024 2787 ) (1024 1024 2787 ) (1024 1024 379.760010 ) (1280 1024 379.760010 ) 
4 5 54 (1881.030029 1024 2787 ) (1280 1024 2787 ) (1280 1024 379.760010 ) (1881.030029 1024 379.760010 ) 
4 5 12 (1024 1229.890015 379.760010 ) (1024 1024 379.760010 ) (1024 1024 2787 ) (1024 1229.890015 2787 ) 
4 5 8 (1024 1024 379.760010 ) (1024 1229.890015 379.760010 ) (1280 1229.890015 379.760010 ) (1280 1024 379.760010 ) 
4 5 6 (1280 1229.890015 379.760010 ) (1881.030029 1229.890015 379.760010 ) (1881.030029 1024 379.760010 ) (1280 1024 379.760010 ) 
4 6 54 (1280 1024 -472 ) (1953 1024 -472 ) (1953 1024 379.760010 ) (1280 1024 379.760010 ) 
4 6 8 (1280 1024 128 ) (1280 1024 379.760010 ) (1280 1920 379.760010 ) (1280 1920 128 ) 
4 6 9 (1280 1920 -472 ) (1280 1024 -472 ) (1280 1024 120 ) (1280 1920 120 ) 
4 6 7 (1280 2048 -472 ) (1280 1920 -472 ) (1280 1920 379.760010 ) (1280 2048 379.760010 ) 
4 7 21 (1024 2048 -8 ) (1024 2048 -472 ) (1024 1920 -472 ) (1024 1920 -8 ) 
4 7 15 (1024 2048 120 ) (1024 2048 -8 ) (1024 1920 -8 ) (1024 1920 120 ) 
4 7 13 (1024 2048 379.760010 ) (1024 2048 120 ) (1024 1920 120 ) (1024 1920 379.760010 ) 
4 7 8 (1280 1920 128 ) (1280 1920 379.760010 ) (1024 1920 379.760010 ) (1024 1920 128 ) 
4 7 9 (1024 1920 -472 ) (1280 1920 -472 ) (1280 1920 120 ) (1024 1920 120 ) 
4 8 55 (1024 1024 379.760010 ) (1024 1024 128 ) (1280 1024 128 ) (1280 1024 379.760010 ) 
4 8 14 (1024 1024 128 ) (1024 1024 379.760010 ) (1024 1920 379.760010 ) (1024 1920 128 ) 
4 9 56 (1024 1024 120 ) (1024 1024 -472 ) (1280 1024 -472 ) (1280 1024 120 ) 
4 9 21 (1024 1920 -472 ) (1024 1024 -472 ) (1024 1024 -8 ) (1024 1920 -8 ) 
4 9 18 (1024 1024 -8 ) (1024 1024 120 ) (1024 1912 120 ) (1024 1912 -8 ) 
4 9 15 (1024 1912 120 ) (1024 1920 120 ) (1024 1920 -8 ) (1024 1912 -8 ) 
4 10 30 (0 1664 383.760010 ) (0 1664 379.760010 ) (0 1617.890015 379.760010 ) (0 1617.890015 383.760010 ) 
4 10 29 (0 1617.890015 2787 ) (0 1664 2787 ) (0 1664 383.760010 ) (0 1617.890015 383.760010 ) 
4 10 25 (0 1664 2787 ) (0 1920 2787 ) (0 1920 379.760010 ) (0 1664 379.760010 ) 
4 10 24 (0 1920 2787 ) (0 2048 2787 ) (0 2048 379.760010 ) (0 1920 379.760010 ) 
4 10 14 (0 1617.890015 379.760010 ) (0 1920 379.760010 ) (1024 1920 379.760010 ) (1024 1617.890015 379.760010 ) 
4 10 13 (0 1920 379.760010 ) (0 2048 379.760010 ) (1024 2048 379.760010 ) (1024 1920 379.760010 ) 
4 10 11 (1024 1617.890015 383.760010 ) (1024 1617.890015 2787 ) (0 1617.890015 2787 ) (0 1617.890015 383.760010 ) 
4 11 29 (0 1229.890015 2787 ) (0 1617.890015 2787 ) (0 1617.890015 383.760010 ) (0 1229.890015 383.760010 ) 
4 11 12 (1024 1229.890015 383.760010 ) (1024 1229.890015 2787 ) (0 1229.890015 2787 ) (0 1229.890015 383.760010 ) 
4 12 57 (1024 1024 379.760010 ) (1024 1024 2787 ) (0 1024 2787 ) (0 1024 379.760010 ) 
4 12 37 (0 1024 379.760010 ) (0 1024 2787 ) (0 1152 2787 ) (0 1152 379.760010 ) 
4 12 32 (0 1229.890015 383.760010 ) (0 1229.890015 379.760010 ) (0 1152 379.760010 ) (0 1152 383.760010 ) 
4 12 29 (0 1152 2787 ) (0 1229.890015 2787 ) (0 1229.890015 383.760010 ) (0 1152 383.760010 ) 
4 12 14 (1024 1024 379.760010 ) (0 1024 379.760010 ) (0 1229.890015 379.760010 ) (1024 1229.890015 379.760010 ) 
4 13 41 (0 2048 128 ) (0 2048 120 ) (0 1920 120 ) (0 1920 128 ) 
4 13 24 (0 1920 379.760010 ) (0 2048 379.760010 ) (0 2048 128 ) (0 1920 128 ) 
4 13 16 (358 1920 120 ) (280 1920 120 ) (280 2048 120 ) (358 2048 120 ) 
4 13 15 (1024 2048 120 ) (1024 1920 120 ) (358 1920 120 ) (358 2048 120 ) 
4 13 17 (280 1920 120 ) (0 1920 120 ) (0 2048 120 ) (280 2048 120 ) 
4 13 14 (1024 1920 128 ) (1024 1920 379.760010 ) (0 1920 379.760010 ) (0 1920 128 ) 
4 14 57 (1024 1024 128 ) (1024 1024 379.760010 ) (0 1024 379.760010 ) (0 1024 128 ) 
4 14 39 (0 1024 128 ) (0 1024 208 ) (0 1152 208 ) (0 1152 128 ) 
4 14 37 (0 1024 208 ) (0 1024 379.760010 ) (0 1152 379.760010 ) (0 1152 208 ) 
4 14 35 (0 1664 208 ) (0 1664 128 ) (0 1152 128 ) (0 1152 208 ) 
4 14 33 (0 1664 294 ) (0 1664 208 ) (0 1152 208 ) (0 1152 294 ) 
4 14 31 (0 1229.890015 379.760010 ) (0 1617.890015 379.760010 ) (0 1617.890015 294 ) (0 1229.890015 294 ) 
4 14 30 (0 1617.890015 379.760010 ) (0 1664 379.760010 ) (0 1664 294 ) (0 1617.890015 294 ) 
4 14 32 (0 1152 379.760010 ) (0 1229.890015 379.760010 ) (0 1229.890015 294 ) (0 1152 294 ) 
4 14 27 (0 1920 208 ) (0 1920 128 ) (0 1664 128 ) (0 1664 208 ) 
4 14 25 (0 1664 379.760010 ) (0 1920 379.760010 ) (0 1920 208 ) (0 1664 208 ) 
4 15 21 (358 2048 -8 ) (1024 2048 -8 ) (1024 1912 -8 ) (358 1912 -8 ) 
4 15 18 (358 1912 -8 ) (1024 1912 -8 ) (1024 1912 120 ) (358 1912 120 ) 
4 15 16 (358 2048 -8 ) (358 1920 -8 ) (358 1920 120 ) (358 2048 120 ) 
4 16 21 (280 2048 -8 ) (358 2048 -8 ) (358 1920 -8 ) (280 1920 -8 ) 
4 16 17 (280 2048 -8 ) (280 1920 -8 ) (280 1920 120 ) (280 2048 120 ) 
4 17 43 (0 1912 120 ) (0 2048 120 ) (0 2048 -8 ) (0 1912 -8 ) 
4 17 21 (0 1912 -8 ) (0 2048 -8 ) (280 2048 -8 ) (280 1912 -8 ) 
4 17 20 (0 1912 -8 ) (280 1912 -8 ) (280 1912 120 ) (0 1912 120 ) 
4 18 58 (1024 1024 -8 ) (1024 1024 120 ) (358 1024 120 ) (358 1024 -8 ) 
4 18 21 (1024 1024 -8 ) (358 1024 -8 ) (358 1912 -8 ) (1024 1912 -8 ) 
4 19 59 (350 1024 120 ) (288 1024 120 ) (288 1024 0 ) (350 1024 0 ) 
4 20 60 (280 1024 120 ) (0 1024 120 ) (0 1024 -8 ) (280 1024 -8 ) 
4 20 43 (0 1024 -8 ) (0 1024 120 ) (0 1912 120 ) (0 1912 -8 ) 
4 20 21 (280 1024 -8 ) (0 1024 -8 ) (0 1912 -8 ) (280 1912 -8 ) 
4 21 61 (1024 1024 -472 ) (1024 1024 -8 ) (0 1024 -8 ) (0 1024 -472 ) 
4 21 43 (0 1024 -472 ) (0 1024 -8 ) (0 2048 -8 ) (0 2048 -472 ) 
4 22 43 (0 2048 -472 ) (0 2048 120 ) (-1024 2048 120 ) (-1024 2048 -472 ) 
4 22 41 (0 2048 120 ) (0 2048 128 ) (-1024 2048 128 ) (-1024 2048 120 ) 
4 22 28 (-640 2048 2787 ) (-1024 2048 2787 ) (-1024 2048 128 ) (-640 2048 128 ) 
4 22 24 (0 2048 128 ) (0 2048 2787 ) (-640 2048 2787 ) (-640 2048 128 ) 
4 22 23 (-1024 2058 -472 ) (-1024 2048 -472 ) (-1024 2048 2787 ) (-1024 2058 2787 ) 
4 23 48 (-2048 2048 -472 ) (-2048 2048 2787 ) (-2048 2058 2787 ) (-2048 2058 -472 ) 
4 23 47 (-2048 2048 379.760010 ) (-2048 2048 -472 ) (-1024 2048 -472 ) (-1024 2048 379.760010 ) 
4 23 44 (-2048 2048 2787 ) (-2048 2048 379.760010 ) (-1024 2048 379.760010 ) (-1024 2048 2787 ) 
4 24 41 (-640 2048 128 ) (0 2048 128 ) (0 1920 128 ) (-640 1920 128 ) 
4 24 28 (-640 2048 128 ) (-640 1920 128 ) (-640 1920 2787 ) (-640 2048 2787 ) 
4 24 27 (-584 1920 128 ) (0 1920 128 ) (0 1920 208 ) (-608 1920 208 ) 
4 24 26 (-640 1920 2787 ) (-640 1920 376 ) (-616 1920 376 ) (-616 1920 2787 ) 
4 24 25 (-616 1920 208 ) (0 1920 208 ) (0 1920 2787 ) (-616 1920 2787 ) 
4 25 33 (0 1664 208 ) (0 1664 294 ) (-616 1664 294 ) (-616 1664 208 ) 
4 25 30 (0 1664 294 ) (0 1664 383.760010 ) (-616 1664 383.760010 ) (-616 1664 294 ) 
4 25 29 (0 1664 383.760010 ) (0 1664 2787 ) (-616 1664 2787 ) (-616 1664 383.760010 ) 
4 25 27 (0 1664 208 ) (-608 1664 208 ) (-608 1920 208 ) (0 1920 208 ) 
4 25 26 (-616 1664 376 ) (-616 1664 2787 ) (-616 1920 2787 ) (-616 1920 376 ) 
4 26 30 (-640 1664 383.760010 ) (-640 1664 376 ) (-616 1664 376 ) (-616 1664 383.760010 ) 
4 26 29 (-616 1664 2787 ) (-640 1664 2787 ) (-640 1664 383.760010 ) (-616 1664 383.760010 ) 
4 26 28 (-640 1664 376 ) (-640 1664 2787 ) (-640 1920 2787 ) (-640 1920 376 ) 
4 27 35 (-584 1664 128 ) (0 1664 128 ) (0 1664 208 ) (-608 1664 208 ) 
4 28 47 (-1024 2048 379.760010 ) (-1024 2048 128 ) (-1024 1664 128 ) (-1024 1664 379.760010 ) 
4 28 44 (-1024 2048 2787 ) (-1024 2048 379.760010 ) (-1024 1664 379.760010 ) (-1024 1664 2787 ) 
4 28 42 (-640 1920 128 ) (-640 1664 128 ) (-1024 1664 128 ) (-1024 1920 128 ) 
4 28 41 (-1024 2048 128 ) (-640 2048 128 ) (-640 1920 128 ) (-1024 1920 128 ) 
4 28 36 (-1024 1664 208 ) (-1024 1664 128 ) (-640 1664 128 ) (-640 1664 208 ) 
4 28 34 (-1024 1664 294 ) (-1024 1664 208 ) (-640 1664 208 ) (-640 1664 294 ) 
4 28 30 (-1024 1664 383.760010 ) (-1024 1664 294 ) (-640 1664 294 ) (-640 1664 383.760010 ) 
4 28 29 (-1024 1664 2787 ) (-1024 1664 383.760010 ) (-640 1664 383.760010 ) (-640 1664 2787 ) 
4 29 45 (-1024 1229.890015 2787 ) (-1024 1617.890015 2787 ) (-1024 1617.890015 383.760010 ) (-1024 1229.890015 383.760010 ) 
4 29 44 (-1024 1617.890015 2787 ) (-1024 1664 2787 ) (-1024 1664 383.760010 ) (-1024 1617.890015 383.760010 ) 
4 29 46 (-1024 1152 383.760010 ) (-1024 1152 2787 ) (-1024 1229.890015 2787 ) (-1024 1229.890015 383.760010 ) 
4 29 40 (-640 1152 2787 ) (-1024 1152 2787 ) (-1024 1152 383.760010 ) (-640 1152 383.760010 ) 
4 29 38 (-616 1152 2787 ) (-640 1152 2787 ) (-640 1152 383.760010 ) (-616 1152 383.760010 ) 
4 29 37 (0 1152 383.760010 ) (0 1152 2787 ) (-616 1152 2787 ) (-616 1152 383.760010 ) 
4 29 30 (-1024 1617.890015 383.760010 ) (-1024 1664 383.760010 ) (0 1664 383.760010 ) (0 1617.890015 383.760010 ) 
4 29 32 (0 1152 383.760010 ) (-1024 1152 383.760010 ) (-1024 1229.890015 383.760010 ) (0 1229.890015 383.760010 ) 
4 30 47 (-1024 1664 379.760010 ) (-1024 1664 294 ) (-1024 1617.890015 294 ) (-1024 1617.890015 379.760010 ) 
4 30 44 (-1024 1617.890015 383.760010 ) (-1024 1664 383.760010 ) (-1024 1664 379.760010 ) (-1024 1617.890015 379.760010 ) 
4 30 33 (-616 1664 294 ) (0 1664 294 ) (0 1617.890015 294 ) (-616 1617.890015 294 ) 
4 30 34 (-1024 1617.890015 294 ) (-1024 1664 294 ) (-640 1664 294 ) (-640 1617.890015 294 ) 
4 30 31 (-1024 1617.890015 294 ) (0 1617.890015 294 ) (0 1617.890015 379.760010 ) (-1024 1617.890015 379.760010 ) 
4 31 47 (-1024 1617.890015 379.760010 ) (-1024 1617.890015 294 ) (-1024 1229.890015 294 ) (-1024 1229.890015 379.760010 ) 
4 31 33 (-616 1617.890015 294 ) (0 1617.890015 294 ) (0 1229.890015 294 ) (-616 1229.890015 294 ) 
4 31 34 (-1024 1229.890015 294 ) (-1024 1617.890015 294 ) (-640 1617.890015 294 ) (-640 1229.890015 294 ) 
4 31 32 (-1024 1229.890015 294 ) (0 1229.890015 294 ) (0 1229.890015 379.760010 ) (-1024 1229.890015 379.760010 ) 
4 32 47 (-1024 1152 294 ) (-1024 1152 379.760010 ) (-1024 1229.890015 379.760010 ) (-1024 1229.890015 294 ) 
4 32 46 (-1024 1152 379.760010 ) (-1024 1152 383.760010 ) (-1024 1229.890015 383.760010 ) (-1024 1229.890015 379.760010 ) 
4 32 40 (-640 1152 383.760010 ) (-1024 1152 383.760010 ) (-1024 1152 294 ) (-640 1152 294 ) 
4 32 38 (-616 1152 383.760010 ) (-640 1152 383.760010 ) (-640 1152 376 ) (-616 1152 376 ) 
4 32 37 (0 1152 294 ) (0 1152 383.760010 ) (-616 1152 383.760010 ) (-616 1152 294 ) 
4 32 33 (0 1152 294 ) (-616 1152 294 ) (-616 1229.890015 294 ) (0 1229.890015 294 ) 
4 32 34 (-640 1152 294 ) (-1024 1152 294 ) (-1024 1229.890015 294 ) (-640 1229.890015 294 ) 
4 33 37 (0 1152 208 ) (0 1152 294 ) (-616 1152 294 ) (-616 1152 208 ) 
4 33 35 (0 1152 208 ) (-608 1152 208 ) (-608 1664 208 ) (0 1664 208 ) 
4 34 47 (-1024 1152 208 ) (-1024 1152 294 ) (-1024 1664 294 ) (-1024 1664 208 ) 
4 34 40 (-640 1152 294 ) (-1024 1152 294 ) (-1024 1152 208 ) (-640 1152 208 ) 
4 34 36 (-640 1152 208 ) (-1024 1152 208 ) (-1024 1664 208 ) (-640 1664 208 ) 
4 35 39 (-584 1152 128 ) (0 1152 128 ) (0 1152 208 ) (-608 1152 208 ) 
4 36 47 (-1024 1664 128 ) (-1024 1152 128 ) (-1024 1152 208 ) (-1024 1664 208 ) 
4 36 42 (-640 1152 128 ) (-1024 1152 128 ) (-1024 1664 128 ) (-640 1664 128 ) 
4 36 40 (-1024 1152 128 ) (-640 1152 128 ) (-640 1152 208 ) (-1024 1152 208 ) 
4 37 169 (0 1024 208 ) (0 1024 2787 ) (-616 1024 2787 ) (-616 1024 208 ) 
4 37 39 (-608 1152 208 ) (0 1152 208 ) (0 1024 208 ) (-608 1024 208 ) 
4 37 38 (-616 1024 376 ) (-616 1024 2787 ) (-616 1152 2787 ) (-616 1152 376 ) 
4 38 170 (-616 1024 2787 ) (-640 1024 2787 ) (-640 1024 376 ) (-616 1024 376 ) 
4 38 40 (-640 1152 2787 ) (-640 1152 376 ) (-640 1024 376 ) (-640 1024 2787 ) 
4 39 171 (0 1024 128 ) (0 1024 208 ) (-608 1024 208 ) (-584 1024 128 ) 
4 40 172 (-1024 1024 2787 ) (-1024 1024 128 ) (-640 1024 128 ) (-640 1024 2787 ) 
4 40 47 (-1024 1152 128 ) (-1024 1024 128 ) (-1024 1024 379.760010 ) (-1024 1152 379.760010 ) 
4 40 46 (-1024 1024 379.760010 ) (-1024 1024 2787 ) (-1024 1152 2787 ) (-1024 1152 379.760010 ) 
4 40 42 (-640 1024 128 ) (-1024 1024 128 ) (-1024 1152 128 ) (-640 1152 128 ) 
4 41 47 (-1024 2048 128 ) (-1024 2048 120 ) (-1024 1920 120 ) (-1024 1920 128 ) 
4 41 43 (-1024 1920 120 ) (-1024 2048 120 ) (0 2048 120 ) (0 1920 120 ) 
4 41 42 (-1024 1920 120 ) (-639 1920 120 ) (-639 1920 128 ) (-1024 1920 128 ) 
4 42 173 (-639 1024 128 ) (-1024 1024 128 ) (-1024 1024 120 ) (-639 1024 120 ) 
4 42 47 (-1024 1920 120 ) (-1024 1024 120 ) (-1024 1024 128 ) (-1024 1920 128 ) 
4 42 43 (-639 1024 120 ) (-1024 1024 120 ) (-1024 1920 120 ) (-639 1920 120 ) 
4 43 174 (0 1024 -472 ) (0 1024 120 ) (-1024 1024 120 ) (-1024 1024 -472 ) 
4 43 47 (-1024 2048 120 ) (-1024 2048 -472 ) (-1024 1024 -472 ) (-1024 1024 120 ) 
4 44 49 (-2048 1617.890015 2787 ) (-2048 2048 2787 ) (-2048 2048 379.760010 ) (-2048 1617.890015 379.760010 ) 
4 44 47 (-2048 1617.890015 379.760010 ) (-2048 2048 379.760010 ) (-1024 2048 379.760010 ) (-1024 1617.890015 379.760010 ) 
4 44 45 (-1024 1617.890015 383.760010 ) (-1024 1617.890015 2787 ) (-2048 1617.890015 2787 ) (-2048 1617.890015 383.760010 ) 
4 45 50 (-2048 1229.890015 2787 ) (-2048 1617.890015 2787 ) (-2048 1617.890015 383.760010 ) (-2048 1229.890015 383.760010 ) 
4 45 46 (-1024 1229.890015 383.760010 ) (-1024 1229.890015 2787 ) (-2048 1229.890015 2787 ) (-2048 1229.890015 383.760010 ) 
4 46 175 (-1024 1024 379.760010 ) (-1024 1024 2787 ) (-2048 1024 2787 ) (-2048 1024 379.760010 ) 
4 46 52 (-2048 1024 379.760010 ) (-2048 1024 2787 ) (-2048 1229.890015 2787 ) (-2048 1229.890015 379.760010 ) 
4 46 47 (-1024 1024 379.760010 ) (-2048 1024 379.760010 ) (-2048 1229.890015 379.760010 ) (-1024 1229.890015 379.760010 ) 
4 47 175 (-1024 1024 -472 ) (-1024 1024 379.760010 ) (-2048 1024 379.760010 ) (-2048 1024 -472 ) 
4 47 51 (-2048 1229.890015 379.760010 ) (-2048 1617.890015 379.760010 ) (-2048 1617.890015 -472 ) (-2048 1229.890015 -472 ) 
4 47 49 (-2048 1617.890015 379.760010 ) (-2048 2048 379.760010 ) (-2048 2048 -472 ) (-2048 1617.890015 -472 ) 
4 47 52 (-2048 1024 -472 ) (-2048 1024 379.760010 ) (-2048 1229.890015 379.760010 ) (-2048 1229.890015 -472 ) 
4 48 49 (-2048 2048 -472 ) (-2048 2048 2787 ) (-2343.970215 2048 2787 ) (-2343.970215 2048 -472 ) 
4 48 53 (-2343.970215 2048 2787 ) (-2489 2048 2787 ) (-2489 2048 -472 ) (-2343.970215 2048 -472 ) 
4 49 50 (-2343.970215 1617.890015 2787 ) (-2343.970215 1617.890015 383.760010 ) (-2048 1617.890015 383.760010 ) (-2048 1617.890015 2787 ) 
4 49 51 (-2343.970215 1617.890015 379.760010 ) (-2343.970215 1617.890015 -472 ) (-2048 1617.890015 -472 ) (-2048 1617.890015 379.760010 ) 
4 49 53 (-2343.970215 2048 -472 ) (-2343.970215 1617.890015 -472 ) (-2343.970215 1617.890015 2787 ) (-2343.970215 2048 2787 ) 
4 50 52 (-2343.970215 1229.890015 2787 ) (-2343.970215 1229.890015 383.760010 ) (-2048 1229.890015 383.760010 ) (-2048 1229.890015 2787 ) 
4 50 53 (-2343.970215 1229.890015 383.760010 ) (-2343.970215 1229.890015 2787 ) (-2343.970215 1617.890015 2787 ) (-2343.970215 1617.890015 383.760010 ) 
4 51 53 (-2343.970215 1617.890015 -472 ) (-2343.970215 1229.890015 -472 ) (-2343.970215 1229.890015 379.760010 ) (-2343.970215 1617.890015 379.760010 ) 
4 51 52 (-2343.970215 1229.890015 379.760010 ) (-2343.970215 1229.890015 -472 ) (-2048 1229.890015 -472 ) (-2048 1229.890015 379.760010 ) 
4 52 221 (-2048 1024 -472 ) (-2048 1024 2787 ) (-2343.970215 1024 2787 ) (-2343.970215 1024 -472 ) 
4 52 53 (-2343.970215 1229.890015 -472 ) (-2343.970215 1024 -472 ) (-2343.970215 1024 2787 ) (-2343.970215 1229.890015 2787 ) 
4 53 221 (-2343.970215 1024 2787 ) (-2489 1024 2787 ) (-2489 1024 -472 ) (-2343.970215 1024 -472 ) 
4 54 89 (1953 0 2787 ) (1280 0 2787 ) (1280 0 -472 ) (1953 0 -472 ) 
4 54 55 (1280 0 128 ) (1280 0 2787 ) (1280 1024 2787 ) (1280 1024 128 ) 
4 54 56 (1280 1024 -472 ) (1280 0 -472 ) (1280 0 120 ) (1280 1024 120 ) 
4 55 90 (1280 0 2787 ) (1024 0 2787 ) (1024 0 128 ) (1280 0 128 ) 
4 55 65 (1024 320 295.595093 ) (1024 320 298.385315 ) (1024 352 298.385406 ) (1024 352 295.595093 ) 
4 55 64 (1024 352 128 ) (1024 320 128 ) (1024 320 295.595093 ) (1024 352 295.595093 ) 
4 55 63 (1024 320 298.385315 ) (1024 320 2787 ) (1024 352 2787 ) (1024 352 298.385406 ) 
4 55 62 (1024 640 128 ) (1024 352 128 ) (1024 352 2787 ) (1024 640 2787 ) 
4 55 66 (1024 320 128 ) (1024 0 128 ) (1024 0 2787 ) (1024 320 2787 ) 
4 55 57 (1024 1024 2787 ) (1024 1024 128 ) (1024 640 128 ) (1024 640 2787 ) 
4 56 91 (1024 0 120 ) (1024 0 -472 ) (1280 0 -472 ) (1280 0 120 ) 
4 56 88 (1024 640 -472 ) (1024 0 -472 ) (1024 0 -8 ) (1024 640 -8 ) 
4 56 83 (1024 0 -8 ) (1024 0 0 ) (1024 640 0 ) (1024 640 -8 ) 
4 56 67 (1024 0 0 ) (1024 0 120 ) (1024 640 120 ) (1024 640 0 ) 
4 56 61 (1024 1024 -8 ) (1024 1024 -472 ) (1024 640 -472 ) (1024 640 -8 ) 
4 56 58 (1024 1024 120 ) (1024 1024 -8 ) (1024 640 -8 ) (1024 640 120 ) 
4 57 171 (0 1024 208 ) (0 1024 128 ) (0 640 128 ) (0 640 208 ) 
4 57 169 (0 1024 2787 ) (0 1024 208 ) (0 640 208 ) (0 640 2787 ) 
4 57 62 (1024 640 128 ) (1024 640 2787 ) (0 640 2787 ) (0 640 128 ) 
4 58 85 (640 640 0 ) (445 640 0 ) (445 640 -8 ) (640 640 -8 ) 
4 58 83 (1024 640 -8 ) (1024 640 0 ) (640 640 0 ) (640 640 -8 ) 
4 58 70 (445 640 0 ) (640 640 0 ) (640 640 108 ) (445 640 108 ) 
4 58 69 (640 640 120 ) (445 640 120 ) (445 640 108 ) (640 640 108 ) 
4 58 67 (1024 640 0 ) (1024 640 120 ) (640 640 120 ) (640 640 0 ) 
4 58 61 (1024 640 -8 ) (358 640 -8 ) (358 1024 -8 ) (1024 1024 -8 ) 
4 59 71 (288 640 108 ) (288 640 0 ) (350 640 0 ) (350 640 108 ) 
4 60 174 (0 1024 120 ) (0 1024 -8 ) (0 640 -8 ) (0 640 120 ) 
4 60 84 (0 640 0 ) (0 640 -8 ) (192 640 -8 ) (192 640 0 ) 
4 60 68 (192 640 120 ) (0 640 120 ) (0 640 0 ) (192 640 0 ) 
4 60 61 (280 640 -8 ) (0 640 -8 ) (0 1024 -8 ) (280 1024 -8 ) 
4 61 174 (0 1024 -8 ) (0 1024 -472 ) (0 640 -472 ) (0 640 -8 ) 
4 61 88 (1024 640 -472 ) (1024 640 -8 ) (0 640 -8 ) (0 640 -472 ) 
4 62 171 (0 640 208 ) (0 640 128 ) (0 352 128 ) (0 352 208 ) 
4 62 169 (0 352 2787 ) (0 640 2787 ) (0 640 208 ) (0 352 208 ) 
6 62 73 (632 352 128 ) (8 352 128 ) (8 445 128 ) (192 632 128 ) (445 632 128 ) (632 445 128 ) 
4 62 65 (639 352 130.653015 ) (1024 352 295.595093 ) (1024 352 298.385315 ) (637.963989 352 133 ) 
3 62 64 (632.807495 352 128 ) (1024 352 128 ) (1024 352 295.595093 ) 
5 62 63 (0 352 128 ) (626.293213 352 128 ) (1024 352 298.385315 ) (1024 352 2787 ) (0 352 2787 ) 
4 63 171 (0 352 208 ) (0 352 128 ) (0 320 128 ) (0 320 208 ) 
4 63 169 (0 320 2787 ) (0 352 2787 ) (0 352 208 ) (0 320 208 ) 
4 63 74 (626.293213 320 128 ) (8 320 128 ) (8 352 128 ) (626.293213 352 128 ) 
4 63 65 (1024 320 298.384247 ) (637.964417 320 133 ) (637.964417 352 133 ) (1024 352 298.384247 ) 
5 63 66 (0 320 128 ) (626.293213 320 128 ) (1024 320 298.385315 ) (1024 320 2787 ) (0 320 2787 ) 
4 64 65 (1024 352 295.596558 ) (639 352 130.654266 ) (639 320 130.654266 ) (1024 320 295.596558 ) 
3 64 66 (632.807495 320 128 ) (1024 320 128 ) (1024 320 295.595093 ) 
4 65 66 (639 320 130.653015 ) (1024 320 295.595093 ) (1024 320 298.385315 ) (637.963989 320 133 ) 
4 66 171 (0 0 128 ) (0 0 208 ) (0 320 208 ) (0 320 128 ) 
4 66 169 (0 0 208 ) (0 0 2787 ) (0 320 2787 ) (0 320 208 ) 
4 66 119 (1024 0 128 ) (1024 0 512 ) (0 0 512 ) (0 0 128 ) 
4 66 96 (1024 0 512 ) (1024 0 640 ) (0 0 640 ) (0 0 512 ) 
4 66 95 (359.755554 0 643 ) (295.755219 0 643 ) (295.755219 0 640 ) (359.755554 0 640 ) 
4 66 94 (295.755219 0 643 ) (0 0 643 ) (0 0 640 ) (295.755219 0 640 ) 
4 66 93 (1024 0 640 ) (1024 0 643 ) (359.755554 0 643 ) (359.755554 0 640 ) 
4 66 92 (1024 0 643 ) (1024 0 2787 ) (0 0 2787 ) (0 0 643 ) 
6 66 79 (8 192 128 ) (8 320 128 ) (632 320 128 ) (632 191.982285 128 ) (445 8 128 ) (192 8 128 ) 
4 67 155 (1024 0 0 ) (1024 0 120 ) (640 0 120 ) (640 0 0 ) 
4 67 83 (1024 0 0 ) (640 0 0 ) (640 640 0 ) (1024 640 0 ) 
4 67 81 (640 8 0 ) (640 0 0 ) (640 0 108 ) (640 8 108 ) 
4 67 80 (640 0 108 ) (640 0 120 ) (640 8 120 ) (640 8 108 ) 
4 67 78 (640 192 0 ) (640 8 0 ) (640 8 120 ) (640 192 120 ) 
4 67 72 (640 632 0 ) (640 445 0 ) (640 445 120 ) (640 632 120 ) 
4 67 70 (640 640 0 ) (640 632 0 ) (640 632 108 ) (640 640 108 ) 
4 67 69 (640 632 108 ) (640 632 120 ) (640 640 120 ) (640 640 108 ) 
4 68 174 (0 640 120 ) (0 640 0 ) (0 445 0 ) (0 445 120 ) 
3 68 84 (0 445 0 ) (0 640 0 ) (192 640 0 ) 
4 69 72 (453 632 108 ) (640 632 108 ) (640 632 120 ) (453 632 120 ) 
4 69 70 (640 632 108 ) (453 632 108 ) (445 640 108 ) (640 640 108 ) 
4 70 85 (445 640 0 ) (640 640 0 ) (640 632 0 ) (453 632 0 ) 
4 70 72 (453 632 0 ) (640 632 0 ) (640 632 108 ) (453 632 108 ) 
4 71 73 (288 632 0 ) (350 632 0 ) (350 632 108 ) (288 632 108 ) 
3 72 85 (453 632 0 ) (640 632 0 ) (640 445 0 ) 
3 73 76 (334.036011 352 0 ) (632 352 0 ) (632 352 127.654053 ) 
3 73 75 (327.520508 352 0 ) (334.036011 352 0 ) (333 352 2.347519 ) 
4 73 74 (8 352 128 ) (8 352 0 ) (327.520508 352 0 ) (626.293152 352 128 ) 
4 74 79 (8 320 0 ) (327.520538 320 0 ) (626.293152 320 128 ) (8 320 128 ) 
4 74 75 (327.523315 352 0 ) (333 352 2.346509 ) (333 320 2.346512 ) (327.523315 320 0 ) 
3 75 79 (327.520538 320 0 ) (334.036011 320 0 ) (333 320 2.347511 ) 
3 76 79 (334.036011 320 0 ) (632 320 0 ) (632 320 127.654053 ) 
4 77 174 (0 0 0 ) (0 0 120 ) (0 192 120 ) (0 192 0 ) 
4 77 157 (0 0 120 ) (0 0 0 ) (192 0 0 ) (192 0 120 ) 
3 77 87 (192 0 0 ) (0 0 0 ) (0 192 0 ) 
3 78 86 (640 192 0 ) (640 8 0 ) (453.125000 8 0 ) 
4 78 81 (453.125000 8 0 ) (640 8 0 ) (640 8 108 ) (453.125000 8 108 ) 
4 78 80 (640 8 108 ) (640 8 120 ) (453.125000 8 120 ) (453.125000 8 108 ) 
4 79 82 (288 8 0 ) (350 8 0 ) (350 8 108 ) (288 8 108 ) 
4 80 155 (445 0 120 ) (445 0 108 ) (640 0 108 ) (640 0 120 ) 
4 80 81 (453.125000 8 108 ) (640 8 108 ) (640 0 108 ) (445 0 108 ) 
4 81 155 (445 0 0 ) (640 0 0 ) (640 0 108 ) (445 0 108 ) 
4 81 86 (640 0 0 ) (445 0 0 ) (453.125000 8 0 ) (640 8 0 ) 
4 82 156 (288 0 0 ) (350 0 0 ) (350 0 108 ) (288 0 108 ) 
4 83 155 (1024 0 -8 ) (1024 0 0 ) (640 0 0 ) (640 0 -8 ) 
4 83 88 (640 640 -8 ) (1024 640 -8 ) (1024 0 -8 ) (640 0 -8 ) 
4 83 86 (640 192 -8 ) (640 0 -8 ) (640 0 0 ) (640 192 0 ) 
4 83 85 (640 640 -8 ) (640 445 -8 ) (640 445 0 ) (640 640 0 ) 
4 84 174 (0 445 0 ) (0 640 0 ) (0 640 -8 ) (0 445 -8 ) 
3 84 88 (0 640 -8 ) (192 640 -8 ) (0 445 -8 ) 
3 85 88 (445 640 -8 ) (640 640 -8 ) (640 445 -8 ) 
4 86 155 (640 0 0 ) (445 0 0 ) (445 0 -8 ) (640 0 -8 ) 
3 86 88 (640 192 -8 ) (640 0 -8 ) (445 0 -8 ) 
4 87 174 (0 0 -8 ) (0 0 0 ) (0 192 0 ) (0 192 -8 ) 
4 87 157 (192 0 0 ) (0 0 0 ) (0 0 -8 ) (192 0 -8 ) 
3 87 88 (192 0 -8 ) (0 0 -8 ) (0 192 -8 ) 
4 88 174 (0 0 -472 ) (0 0 -8 ) (0 640 -8 ) (0 640 -472 ) 
4 88 159 (1024 0 -472 ) (1024 0 -8 ) (0 0 -8 ) (0 0 -472 ) 
4 89 161 (1280 -1024 128 ) (1280 -1024 120 ) (1953 -1024 120 ) (1953 -1024 128 ) 
4 89 160 (1953 -1024 2787 ) (1280 -1024 2787 ) (1280 -1024 128 ) (1953 -1024 128 ) 
4 89 162 (1280 -1024 120 ) (1280 -1024 -472 ) (1953 -1024 -472 ) (1953 -1024 120 ) 
4 89 90 (1280 -1024 128 ) (1280 -1024 2787 ) (1280 0 2787 ) (1280 0 128 ) 
4 89 91 (1280 0 -472 ) (1280 -1024 -472 ) (1280 -1024 120 ) (1280 0 120 ) 
4 90 160 (1280 -1024 2787 ) (1024 -1024 2787 ) (1024 -1024 128 ) (1280 -1024 128 ) 
4 90 139 (1024 -640 128 ) (1024 -1024 128 ) (1024 -1024 512 ) (1024 -640 512 ) 
4 90 138 (1024 -632 128 ) (1024 -640 128 ) (1024 -640 512 ) (1024 -632 512 ) 
4 90 135 (1024 -624 128 ) (1024 -632 128 ) (1024 -632 512 ) (1024 -624 512 ) 
4 90 132 (1024 -143.929993 128 ) (1024 -624 128 ) (1024 -624 512 ) (1024 -143.929993 512 ) 
4 90 131 (1024 -136 128 ) (1024 -143.929993 128 ) (1024 -143.929993 512 ) (1024 -136 512 ) 
4 90 127 (1024 -127.977005 128 ) (1024 -136 128 ) (1024 -136 512 ) (1024 -127.977005 512 ) 
4 90 121 (1024 -120 128 ) (1024 -127.977005 128 ) (1024 -127.977005 512 ) (1024 -120 512 ) 
4 90 120 (1024 -64 128 ) (1024 -120 128 ) (1024 -120 512 ) (1024 -64 512 ) 
4 90 119 (1024 0 512 ) (1024 0 128 ) (1024 -64 128 ) (1024 -64 512 ) 
4 90 107 (1024 -640 512 ) (1024 -647.976990 512 ) (1024 -647.976990 640 ) (1024 -640 640 ) 
4 90 110 (1024 -647.976990 512 ) (1024 -1024 512 ) (1024 -1024 640 ) (1024 -647.976990 640 ) 
4 90 106 (1024 -624 512 ) (1024 -640 512 ) (1024 -640 640 ) (1024 -624 640 ) 
4 90 105 (1024 -143.929993 512 ) (1024 -624 512 ) (1024 -624 640 ) (1024 -143.929993 640 ) 
4 90 104 (1024 -127.977005 512 ) (1024 -143.929993 512 ) (1024 -143.929993 640 ) (1024 -127.977005 640 ) 
4 90 97 (1024 -120 512 ) (1024 -127.977005 512 ) (1024 -127.977005 640 ) (1024 -120 640 ) 
4 90 96 (1024 0 640 ) (1024 0 512 ) (1024 -120 512 ) (1024 -120 640 ) 
4 90 93 (1024 0 643 ) (1024 0 640 ) (1024 -1024 640 ) (1024 -1024 643 ) 
4 90 92 (1024 0 2787 ) (1024 0 643 ) (1024 -1024 643 ) (1024 -1024 2787 ) 
4 91 162 (1024 -1024 120 ) (1024 -1024 -472 ) (1280 -1024 -472 ) (1280 -1024 120 ) 
4 91 159 (1024 0 -8 ) (1024 0 -472 ) (1024 -1024 -472 ) (1024 -1024 -8 ) 
4 91 155 (1024 0 120 ) (1024 0 -8 ) (1024 -632 -8 ) (1024 -632 120 ) 
4 91 158 (1024 -632 -8 ) (1024 -1024 -8 ) (1024 -1024 120 ) (1024 -632 120 ) 
4 92 176 (0 -1024 643 ) (0 -1024 2787 ) (0 0 2787 ) (0 0 643 ) 
4 92 164 (1024 -1024 643 ) (1024 -1024 2787 ) (0 -1024 2787 ) (0 -1024 643 ) 
4 92 95 (55 -139 643 ) (295.755219 0 643 ) (359.755554 0 643 ) (71 -166.712997 643 ) 
3 92 94 (0 -170.754227 643 ) (0 0 643 ) (295.755219 0 643 ) 
5 92 93 (1024 -1024 643 ) (0 -1024 643 ) (0 -207.704834 643 ) (359.755554 0 643 ) (1024 0 643 ) 
4 93 177 (0 -1024 640 ) (0 -1024 643 ) (0 -207.704834 643 ) (0 -207.704834 640 ) 
4 93 164 (1024 -1024 640 ) (1024 -1024 643 ) (0 -1024 643 ) (0 -1024 640 ) 
4 93 118 (16 -1024 640 ) (0 -1024 640 ) (0 -647.930054 640 ) (16 -647.930054 640 ) 
4 93 117 (112 -1024 640 ) (16 -1024 640 ) (16 -640 640 ) (112 -640 640 ) 
4 93 116 (144 -1024 640 ) (112 -1024 640 ) (112 -647.976990 640 ) (144 -647.976990 640 ) 
4 93 114 (272 -1024 640 ) (240 -1024 640 ) (240 -648 640 ) (272 -648 640 ) 
4 93 113 (368 -1024 640 ) (272 -1024 640 ) (272 -640 640 ) (368 -640 640 ) 
4 93 115 (240 -1024 640 ) (144 -1024 640 ) (144 -640 640 ) (240 -640 640 ) 
4 93 112 (400 -1024 640 ) (368 -1024 640 ) (368 -647.976990 640 ) (400 -647.976990 640 ) 
4 93 111 (495 -1024 640 ) (400 -1024 640 ) (400 -640 640 ) (495 -640 640 ) 
4 93 109 (527 -640 640 ) (623 -640 640 ) (623 -647.976990 640 ) (527 -647.976990 640 ) 
4 93 108 (655 -640 640 ) (752 -640 640 ) (752 -647.976990 640 ) (655 -647.976990 640 ) 
4 93 107 (776 -640 640 ) (1024 -640 640 ) (1024 -647.976990 640 ) (776 -647.976990 640 ) 
4 93 110 (1024 -1024 640 ) (495 -1024 640 ) (495 -647.976990 640 ) (1024 -647.976990 640 ) 
4 93 106 (776 -624 640 ) (1024 -624 640 ) (1024 -640 640 ) (776 -640 640 ) 
4 93 105 (768 -143.929993 640 ) (1024 -143.929993 640 ) (1024 -624 640 ) (768 -624 640 ) 
4 93 104 (776 -127.977005 640 ) (1024 -127.977005 640 ) (1024 -143.929993 640 ) (776 -143.929993 640 ) 
4 93 101 (272 -120 640 ) (368 -120 640 ) (368 -127.977005 640 ) (272 -127.977005 640 ) 
5 93 102 (144 -124.566452 640 ) (151.909332 -120 640 ) (240 -120 640 ) (240 -127.977005 640 ) (144 -127.977005 640 ) 
4 93 100 (400 -120 640 ) (495 -120 640 ) (495 -127.977005 640 ) (400 -127.977005 640 ) 
4 93 99 (527 -120 640 ) (623 -120 640 ) (623 -127.977005 640 ) (527 -127.977005 640 ) 
4 93 98 (655 -120 640 ) (752 -120 640 ) (752 -127.977005 640 ) (655 -127.977005 640 ) 
4 93 97 (776 -120 640 ) (1024 -120 640 ) (1024 -127.977005 640 ) (776 -127.977005 640 ) 
4 93 96 (151.909332 -120 640 ) (359.755554 0 640 ) (1024 0 640 ) (1024 -120 640 ) 
4 93 95 (359.753632 0 640 ) (71 -166.712173 640 ) (71 -166.712173 643 ) (359.753632 0 643 ) 
4 94 178 (0 -170.754227 643 ) (0 0 643 ) (0 0 640 ) (0 -170.754242 640 ) 
4 94 103 (16 -120 640 ) (87.908974 -120 640 ) (74.092384 -127.977005 640 ) (16 -127.977005 640 ) 
4 94 96 (0 -120 640 ) (0 0 640 ) (295.755219 0 640 ) (87.908974 -120 640 ) 
4 94 95 (55 -139 640 ) (295.753479 0 640 ) (295.753479 0 643 ) (55 -139 643 ) 
4 95 103 (74.092369 -127.977005 640 ) (87.908958 -120 640 ) (112 -120 640 ) (112 -127.977005 640 ) 
3 95 102 (144 -120 640 ) (151.909332 -120 640 ) (144 -124.566452 640 ) 
4 95 96 (87.908958 -120 640 ) (295.755219 0 640 ) (359.755554 0 640 ) (151.909332 -120 640 ) 
4 96 180 (0 -120 640 ) (0 0 640 ) (0 0 512 ) (0 -120 512 ) 
4 96 120 (1024 -64 512 ) (1024 -120 512 ) (0 -120 512 ) (0 -64 512 ) 
4 96 119 (1024 0 512 ) (1024 -64 512 ) (0 -64 512 ) (0 0 512 ) 
4 96 103 (16 -120 512 ) (112 -120 512 ) (112 -120 640 ) (16 -120 640 ) 
4 96 101 (272 -120 512 ) (368 -120 512 ) (368 -120 640 ) (272 -120 640 ) 
4 96 102 (144 -120 512 ) (240 -120 512 ) (240 -120 640 ) (144 -120 640 ) 
4 96 100 (400 -120 512 ) (495 -120 512 ) (495 -120 640 ) (400 -120 640 ) 
4 96 99 (527 -120 512 ) (623 -120 512 ) (623 -120 640 ) (527 -120 640 ) 
4 96 98 (655 -120 512 ) (752 -120 512 ) (752 -120 640 ) (655 -120 640 ) 
4 96 97 (776 -120 512 ) (1024 -120 512 ) (1024 -120 640 ) (776 -120 640 ) 
4 97 121 (1024 -120 512 ) (1024 -127.977005 512 ) (776 -127.977005 512 ) (776 -120 512 ) 
4 97 104 (776 -127.977005 512 ) (1024 -127.977005 512 ) (1024 -127.977005 640 ) (776 -127.977005 640 ) 
4 98 122 (752 -127.977005 512 ) (655 -127.977005 512 ) (655 -120 512 ) (752 -120 512 ) 
4 99 122 (623 -127.977005 512 ) (527 -127.977005 512 ) (527 -120 512 ) (623 -120 512 ) 
4 100 123 (495 -127.977005 512 ) (400 -127.977005 512 ) (400 -120 512 ) (495 -120 512 ) 
4 101 124 (368 -127.977005 512 ) (272 -127.977005 512 ) (272 -120 512 ) (368 -120 512 ) 
4 102 125 (240 -127.977005 512 ) (144 -127.977005 512 ) (144 -120 512 ) (240 -120 512 ) 
4 103 126 (112 -127.977005 512 ) (16 -127.977005 512 ) (16 -120 512 ) (112 -120 512 ) 
4 104 131 (1024 -136 512 ) (1024 -143.929993 512 ) (776 -143.929993 512 ) (776 -136 512 ) 
4 104 127 (1024 -127.977005 512 ) (1024 -136 512 ) (776 -136 512 ) (776 -127.977005 512 ) 
4 104 105 (776 -143.929993 512 ) (1024 -143.929993 512 ) (1024 -143.929993 640 ) (776 -143.929993 640 ) 
4 105 132 (1024 -143.929993 512 ) (1024 -624 512 ) (768 -624 512 ) (768 -143.929993 512 ) 
4 105 106 (776 -624 512 ) (1024 -624 512 ) (1024 -624 640 ) (776 -624 640 ) 
4 106 138 (1024 -632 512 ) (1024 -640 512 ) (776 -640 512 ) (776 -632 512 ) 
4 106 135 (1024 -624 512 ) (1024 -632 512 ) (776 -632 512 ) (776 -624 512 ) 
4 106 107 (776 -640 512 ) (1024 -640 512 ) (1024 -640 640 ) (776 -640 640 ) 
4 107 139 (1024 -640 512 ) (1024 -647.976990 512 ) (776 -647.976990 512 ) (776 -640 512 ) 
4 107 110 (776 -647.976990 512 ) (1024 -647.976990 512 ) (1024 -647.976990 640 ) (776 -647.976990 640 ) 
4 108 141 (752 -647.976990 512 ) (655 -647.976990 512 ) (655 -640 512 ) (752 -640 512 ) 
4 108 110 (655 -647.976990 512 ) (752 -647.976990 512 ) (752 -647.976990 640 ) (655 -647.976990 640 ) 
4 109 143 (623 -647.976990 512 ) (527 -647.976990 512 ) (527 -640 512 ) (623 -640 512 ) 
4 109 110 (527 -647.976990 512 ) (623 -647.976990 512 ) (623 -647.976990 640 ) (527 -647.976990 640 ) 
4 110 164 (1024 -1024 512 ) (1024 -1024 640 ) (495 -1024 640 ) (495 -1024 512 ) 
4 110 144 (527 -1024 512 ) (495 -1024 512 ) (495 -647.976990 512 ) (527 -647.976990 512 ) 
4 110 142 (655 -1024 512 ) (623 -1024 512 ) (623 -647.976990 512 ) (655 -647.976990 512 ) 
4 110 141 (752 -1024 512 ) (655 -1024 512 ) (655 -647.976990 512 ) (752 -647.976990 512 ) 
4 110 143 (623 -1024 512 ) (527 -1024 512 ) (527 -647.976990 512 ) (623 -647.976990 512 ) 
4 110 140 (776 -1024 512 ) (752 -1024 512 ) (752 -647.976990 512 ) (776 -647.976990 512 ) 
4 110 139 (1024 -647.976990 512 ) (1024 -1024 512 ) (776 -1024 512 ) (776 -647.976990 512 ) 
4 110 111 (495 -647.976990 512 ) (495 -1024 512 ) (495 -1024 640 ) (495 -647.976990 640 ) 
4 111 164 (495 -1024 640 ) (400 -1024 640 ) (400 -1024 512 ) (495 -1024 512 ) 
4 111 145 (400 -647.976990 512 ) (400 -640 512 ) (495 -640 512 ) (495 -647.976990 512 ) 
4 111 148 (495 -1024 512 ) (400 -1024 512 ) (400 -647.976990 512 ) (495 -647.976990 512 ) 
4 111 112 (400 -647.976990 512 ) (400 -1024 512 ) (400 -1024 640 ) (400 -647.976990 640 ) 
4 112 164 (400 -1024 640 ) (368 -1024 640 ) (368 -1024 512 ) (400 -1024 512 ) 
4 112 148 (400 -1024 512 ) (368 -1024 512 ) (368 -647.976990 512 ) (400 -647.976990 512 ) 
4 112 113 (368 -647.976990 512 ) (368 -1024 512 ) (368 -1024 640 ) (368 -647.976990 640 ) 
4 113 164 (368 -1024 640 ) (272 -1024 640 ) (272 -1024 512 ) (368 -1024 512 ) 
4 113 146 (272 -647.976990 512 ) (272 -640 512 ) (368 -640 512 ) (368 -647.976990 512 ) 
4 113 148 (368 -1024 512 ) (272 -1024 512 ) (272 -647.976990 512 ) (368 -647.976990 512 ) 
4 113 114 (272 -648 512 ) (272 -1024 512 ) (272 -1024 640 ) (272 -648 640 ) 
4 114 164 (272 -1024 640 ) (240 -1024 640 ) (240 -1024 512 ) (272 -1024 512 ) 
4 114 148 (272 -1024 512 ) (240 -1024 512 ) (240 -648 512 ) (272 -648 512 ) 
4 114 115 (240 -648 512 ) (240 -1024 512 ) (240 -1024 640 ) (240 -648 640 ) 
4 115 164 (240 -1024 640 ) (144 -1024 640 ) (144 -1024 512 ) (240 -1024 512 ) 
4 115 147 (144 -647.976990 512 ) (144 -640 512 ) (240 -640 512 ) (240 -647.976990 512 ) 
4 115 148 (240 -1024 512 ) (144 -1024 512 ) (144 -647.976990 512 ) (240 -647.976990 512 ) 
4 115 116 (144 -647.976990 512 ) (144 -1024 512 ) (144 -1024 640 ) (144 -647.976990 640 ) 
4 116 164 (144 -1024 640 ) (112 -1024 640 ) (112 -1024 512 ) (144 -1024 512 ) 
4 116 149 (144 -1024 512 ) (112 -1024 512 ) (112 -647.976990 512 ) (144 -647.976990 512 ) 
4 116 117 (112 -647.976990 512 ) (112 -1024 512 ) (112 -1024 640 ) (112 -647.976990 640 ) 
4 117 164 (112 -1024 640 ) (16 -1024 640 ) (16 -1024 512 ) (112 -1024 512 ) 
4 117 150 (112 -1024 512 ) (16 -1024 512 ) (16 -640 512 ) (112 -640 512 ) 
4 117 118 (16 -647.930054 512 ) (16 -1024 512 ) (16 -1024 640 ) (16 -647.930054 640 ) 
4 118 184 (0 -1024 512 ) (0 -1024 640 ) (0 -647.930054 640 ) (0 -647.930054 512 ) 
4 118 164 (16 -1024 640 ) (0 -1024 640 ) (0 -1024 512 ) (16 -1024 512 ) 
4 118 151 (16 -1024 512 ) (0 -1024 512 ) (0 -647.930054 512 ) (16 -647.930054 512 ) 
4 119 186 (0 -64 512 ) (0 0 512 ) (0 0 128 ) (0 -64 128 ) 
5 119 120 (178.723007 -64 128 ) (1024 -64 128 ) (1024 -64 512 ) (0 -64 512 ) (0 -64 176.005005 ) 
4 120 187 (0 -120 512 ) (0 -64 512 ) (0 -64 176.005005 ) (0 -120 176.005020 ) 
5 120 125 (178.723007 -120 128 ) (240 -120 128 ) (240 -120 512 ) (144 -120 512 ) (144 -120 137.326599 ) 
4 120 126 (112 -120 512 ) (16 -120 512 ) (16 -120 171.707397 ) (112 -120 145.921799 ) 
4 120 124 (272 -120 128 ) (368 -120 128 ) (368 -120 512 ) (272 -120 512 ) 
4 120 122 (527 -120 128 ) (752 -120 128 ) (752 -120 512 ) (527 -120 512 ) 
4 120 123 (400 -120 128 ) (495 -120 128 ) (495 -120 512 ) (400 -120 512 ) 
4 120 121 (776 -120 128 ) (1024 -120 128 ) (1024 -120 512 ) (776 -120 512 ) 
4 121 127 (776 -127.977005 128 ) (1024 -127.977005 128 ) (1024 -127.977005 512 ) (776 -127.977005 512 ) 
4 122 128 (655 -127.977005 128 ) (711 -127.977005 128 ) (711 -127.977005 240 ) (655 -127.977005 240 ) 
4 127 131 (776 -136 128 ) (1024 -136 128 ) (1024 -136 512 ) (776 -136 512 ) 
4 128 129 (659 -130.886017 128 ) (707 -130.886017 128 ) (707 -130.886017 236 ) (659 -130.886017 236 ) 
4 129 130 (659 -132.908997 128 ) (707 -132.908997 128 ) (707 -132.908997 236 ) (659 -132.908997 236 ) 
4 130 133 (655 -136 128 ) (711 -136 128 ) (711 -136 240 ) (655 -136 240 ) 
4 131 132 (776 -143.929993 128 ) (1024 -143.929993 128 ) (1024 -143.929993 512 ) (776 -143.929993 512 ) 
4 132 135 (776 -624 128 ) (1024 -624 128 ) (1024 -624 512 ) (776 -624 512 ) 
4 133 134 (16 -143.929993 128 ) (752 -143.929993 128 ) (752 -143.929993 256 ) (16 -143.929993 256 ) 
4 134 152 (350 -624 128 ) (288 -624 128 ) (288 -432 128 ) (350 -432 128 ) 
4 134 136 (16 -624 128 ) (752 -624 128 ) (752 -624 256 ) (16 -624 256 ) 
4 135 138 (776 -632 128 ) (1024 -632 128 ) (1024 -632 512 ) (776 -632 512 ) 
4 136 152 (350 -632 128 ) (288 -632 128 ) (288 -624 128 ) (350 -624 128 ) 
4 137 194 (0 -384 304 ) (0 -384 176 ) (0 -512 176 ) (0 -512 304 ) 
4 138 139 (776 -640 128 ) (1024 -640 128 ) (1024 -640 512 ) (776 -640 512 ) 
4 139 164 (1024 -1024 128 ) (1024 -1024 512 ) (776 -1024 512 ) (776 -1024 128 ) 
4 139 140 (776 -647.930054 128 ) (776 -1024 128 ) (776 -1024 512 ) (776 -647.930054 512 ) 
4 140 164 (776 -1024 512 ) (752 -1024 512 ) (752 -1024 128 ) (776 -1024 128 ) 
4 140 141 (752 -647.930054 128 ) (752 -1024 128 ) (752 -1024 512 ) (752 -647.930054 512 ) 
4 141 164 (752 -1024 512 ) (655 -1024 512 ) (655 -1024 128 ) (752 -1024 128 ) 
4 141 142 (655 -647.976990 128 ) (655 -1024 128 ) (655 -1024 512 ) (655 -647.976990 512 ) 
4 142 164 (655 -1024 512 ) (623 -1024 512 ) (623 -1024 128 ) (655 -1024 128 ) 
4 142 143 (623 -647.976990 128 ) (623 -1024 128 ) (623 -1024 512 ) (623 -647.976990 512 ) 
4 143 164 (623 -1024 512 ) (527 -1024 512 ) (527 -1024 128 ) (623 -1024 128 ) 
4 143 144 (527 -648 128 ) (527 -1024 128 ) (527 -1024 512 ) (527 -648 512 ) 
4 144 164 (527 -1024 512 ) (495 -1024 512 ) (495 -1024 128 ) (527 -1024 128 ) 
4 144 148 (495 -648 128 ) (495 -1024 128 ) (495 -1024 512 ) (495 -648 512 ) 
4 145 148 (400 -647.976990 128 ) (495 -647.976990 128 ) (495 -647.976990 512 ) (400 -647.976990 512 ) 
4 146 148 (272 -647.976990 128 ) (368 -647.976990 128 ) (368 -647.976990 512 ) (272 -647.976990 512 ) 
4 147 148 (144 -647.976990 512 ) (144 -647.976990 128 ) (240 -647.976990 128 ) (240 -647.976990 512 ) 
4 148 164 (495 -1024 512 ) (144 -1024 512 ) (144 -1024 128 ) (495 -1024 128 ) 
4 148 149 (144 -647.976990 128 ) (144 -1024 128 ) (144 -1024 512 ) (144 -647.976990 512 ) 
4 149 164 (144 -1024 512 ) (112 -1024 512 ) (112 -1024 128 ) (144 -1024 128 ) 
4 149 150 (112 -648 128 ) (112 -1024 128 ) (112 -1024 512 ) (112 -648 512 ) 
4 150 164 (112 -1024 512 ) (16 -1024 512 ) (16 -1024 128 ) (112 -1024 128 ) 
4 150 151 (16 -647.930054 128 ) (16 -1024 128 ) (16 -1024 512 ) (16 -647.930054 512 ) 
4 151 195 (0 -1024 176 ) (0 -1024 512 ) (0 -647.930054 512 ) (0 -647.930054 176 ) 
4 151 164 (16 -1024 512 ) (0 -1024 512 ) (0 -1024 128 ) (16 -1024 128 ) 
4 152 156 (288 -616.500000 120 ) (288 -432 120 ) (350 -432 120 ) (350 -616.500000 120 ) 
4 153 157 (8 -136 120 ) (8 -128 120 ) (280 -128 120 ) (280 -136 120 ) 
4 153 154 (8 -128 128 ) (8 -128 120 ) (8 -136 120 ) (8 -136 128 ) 
4 154 157 (8 -632 120 ) (0 -632 120 ) (0 -128 120 ) (8 -128 120 ) 
4 155 159 (358 0 -8 ) (1024 0 -8 ) (1024 -632 -8 ) (358 -632 -8 ) 
4 155 158 (358 -632 -8 ) (1024 -632 -8 ) (1024 -632 120 ) (358 -632 120 ) 
4 157 205 (0 -632 120 ) (0 0 120 ) (0 0 -8 ) (0 -632 -8 ) 
4 157 159 (0 -632 -8 ) (0 0 -8 ) (280 0 -8 ) (280 -632 -8 ) 
4 157 158 (0 -632 -8 ) (280 -632 -8 ) (280 -632 120 ) (0 -632 120 ) 
4 158 205 (0 -1024 -8 ) (0 -1024 120 ) (0 -632 120 ) (0 -632 -8 ) 
4 158 168 (1024 -1024 -8 ) (1024 -1024 120 ) (0 -1024 120 ) (0 -1024 -8 ) 
4 158 159 (1024 -1024 -8 ) (0 -1024 -8 ) (0 -632 -8 ) (1024 -632 -8 ) 
4 159 205 (0 -1024 -472 ) (0 -1024 -8 ) (0 0 -8 ) (0 0 -472 ) 
4 159 168 (1024 -1024 -472 ) (1024 -1024 -8 ) (0 -1024 -8 ) (0 -1024 -472 ) 
4 160 166 (1024 -1176 128 ) (1024 -1280 128 ) (1024 -1280 2787 ) (1024 -1176 2787 ) 
4 160 165 (1024 -1120 128 ) (1024 -1176 128 ) (1024 -1176 2787 ) (1024 -1120 2787 ) 
4 160 164 (1024 -1024 2787 ) (1024 -1024 128 ) (1024 -1120 128 ) (1024 -1120 2787 ) 
4 160 163 (1953 -1280 128 ) (1953 -1280 2787 ) (1024 -1280 2787 ) (1024 -1280 128 ) 
4 160 161 (1953 -1280 128 ) (1280 -1280 128 ) (1280 -1024 128 ) (1953 -1024 128 ) 
4 161 163 (1953 -1280 120 ) (1953 -1280 128 ) (1280 -1280 128 ) (1280 -1280 120 ) 
4 161 162 (1953 -1280 120 ) (1280 -1280 120 ) (1280 -1024 120 ) (1953 -1024 120 ) 
4 162 168 (1024 -1024 120 ) (1024 -1024 -472 ) (1024 -1280 -472 ) (1024 -1280 120 ) 
4 162 163 (1024 -1280 -472 ) (1953 -1280 -472 ) (1953 -1280 120 ) (1024 -1280 120 ) 
4 163 168 (1024 -1280 -472 ) (1024 -1507 -472 ) (1024 -1507 120 ) (1024 -1280 120 ) 
4 163 167 (1024 -1507 120 ) (1024 -1507 128 ) (1024 -1280 128 ) (1024 -1280 120 ) 
4 163 166 (1024 -1507 128 ) (1024 -1507 2787 ) (1024 -1280 2787 ) (1024 -1280 128 ) 
4 164 225 (0 -1024 208 ) (0 -1024 176 ) (0 -1120 176 ) (0 -1120 208 ) 
4 164 224 (0 -1024 376 ) (0 -1024 208 ) (0 -1120 208 ) (0 -1120 376 ) 
4 164 223 (0 -1120 2787 ) (0 -1024 2787 ) (0 -1024 376 ) (0 -1120 376 ) 
5 164 165 (178.721985 -1120 128 ) (1024 -1120 128 ) (1024 -1120 2787 ) (0 -1120 2787 ) (0 -1120 176 ) 
4 165 225 (0 -1120 208 ) (0 -1120 176 ) (0 -1176 176 ) (0 -1176 208 ) 
4 165 224 (0 -1120 376 ) (0 -1120 208 ) (0 -1176 208 ) (0 -1176 376 ) 
4 165 223 (0 -1176 2787 ) (0 -1120 2787 ) (0 -1120 376 ) (0 -1176 376 ) 
5 165 166 (178.721985 -1176 128 ) (1024 -1176 128 ) (1024 -1176 2787 ) (0 -1176 2787 ) (0 -1176 176 ) 
4 166 229 (0 -1507 2787 ) (0 -1280 2787 ) (0 -1280 128 ) (0 -1507 128 ) 
4 166 226 (0 -1176 208 ) (0 -1176 128 ) (0 -1280 128 ) (0 -1280 208 ) 
4 166 224 (0 -1176 376 ) (0 -1176 208 ) (0 -1280 208 ) (0 -1280 376 ) 
4 166 223 (0 -1280 2787 ) (0 -1176 2787 ) (0 -1176 376 ) (0 -1280 376 ) 
4 166 167 (1024 -1280 128 ) (1024 -1507 128 ) (0 -1507 128 ) (0 -1280 128 ) 
4 167 231 (0 -1507 128 ) (0 -1280 128 ) (0 -1280 120 ) (0 -1507 120 ) 
4 167 168 (0 -1507 120 ) (0 -1280 120 ) (1024 -1280 120 ) (1024 -1507 120 ) 
4 168 232 (0 -1507 120 ) (0 -1024 120 ) (0 -1024 -472 ) (0 -1507 -472 ) 
4 169 197 (-194 0 512 ) (-616 0 512 ) (-616 0 208 ) (-194 0 208 ) 
4 169 186 (0 0 208 ) (0 0 512 ) (-194 0 512 ) (-194 0 208 ) 
4 169 180 (0 0 512 ) (0 0 640 ) (-8 0 640 ) (-8 0 512 ) 
4 169 181 (-8 0 640 ) (-616 0 640 ) (-616 0 512 ) (-8 0 512 ) 
4 169 178 (0 0 640 ) (0 0 643 ) (-616 0 643 ) (-616 0 640 ) 
4 169 176 (0 0 643 ) (0 0 2787 ) (-616 0 2787 ) (-616 0 643 ) 
4 169 171 (0 0 208 ) (-608 0 208 ) (-608 1024 208 ) (0 1024 208 ) 
4 169 170 (-616 0 376 ) (-616 0 2787 ) (-616 1024 2787 ) (-616 1024 376 ) 
4 170 198 (-640 0 512 ) (-640 0 376 ) (-616 0 376 ) (-616 0 512 ) 
4 170 181 (-640 0 640 ) (-640 0 512 ) (-616 0 512 ) (-616 0 640 ) 
4 170 178 (-640 0 643 ) (-640 0 640 ) (-616 0 640 ) (-616 0 643 ) 
4 170 176 (-616 0 2787 ) (-640 0 2787 ) (-640 0 643 ) (-616 0 643 ) 
4 170 172 (-640 1024 2787 ) (-640 1024 376 ) (-640 0 376 ) (-640 0 2787 ) 
4 171 199 (-194 0 208 ) (-608 0 208 ) (-584 0 128 ) (-194 0 128 ) 
4 171 186 (0 0 128 ) (0 0 208 ) (-194 0 208 ) (-194 0 128 ) 
4 172 206 (-1024 0 2787 ) (-1024 0 128 ) (-792 0 128 ) (-792 0 2787 ) 
4 172 201 (-792 0 128 ) (-784 0 128 ) (-784 0 2787 ) (-792 0 2787 ) 
4 172 200 (-784 0 128 ) (-640 0 128 ) (-640 0 512 ) (-784 0 512 ) 
4 172 181 (-640 0 512 ) (-640 0 640 ) (-784 0 640 ) (-784 0 512 ) 
4 172 178 (-640 0 640 ) (-640 0 643 ) (-784 0 643 ) (-784 0 640 ) 
4 172 176 (-640 0 643 ) (-640 0 2787 ) (-784 0 2787 ) (-784 0 643 ) 
4 172 175 (-1024 1024 2787 ) (-1024 1024 128 ) (-1024 0 128 ) (-1024 0 2787 ) 
4 172 173 (-640 0 128 ) (-1024 0 128 ) (-1024 1024 128 ) (-640 1024 128 ) 
4 173 206 (-792 0 128 ) (-1024 0 128 ) (-1024 0 120 ) (-792 0 120 ) 
4 173 204 (-639 0 128 ) (-792 0 128 ) (-792 0 120 ) (-639 0 120 ) 
4 173 175 (-1024 1024 128 ) (-1024 1024 120 ) (-1024 0 120 ) (-1024 0 128 ) 
4 173 174 (-1024 0 120 ) (-1024 1024 120 ) (-639 1024 120 ) (-639 0 120 ) 
4 174 206 (-792 0 120 ) (-1024 0 120 ) (-1024 0 -472 ) (-792 0 -472 ) 
4 174 205 (0 0 -472 ) (0 0 120 ) (-792 0 120 ) (-792 0 -472 ) 
4 174 175 (-1024 1024 120 ) (-1024 1024 -472 ) (-1024 0 -472 ) (-1024 0 120 ) 
4 175 221 (-2048 1024 2787 ) (-2048 1024 -472 ) (-2048 0 -472 ) (-2048 0 2787 ) 
4 175 220 (-1288 0 2787 ) (-2048 0 2787 ) (-2048 0 -472 ) (-1288 0 -472 ) 
4 175 213 (-1024 0 -472 ) (-1024 0 2787 ) (-1288 0 2787 ) (-1288 0 -472 ) 
4 176 228 (-640 -1024 2787 ) (-784 -1024 2787 ) (-784 -1024 643 ) (-640 -1024 643 ) 
4 176 223 (0 -1024 643 ) (0 -1024 2787 ) (-640 -1024 2787 ) (-640 -1024 643 ) 
4 176 203 (-784 -1024 643 ) (-784 -1024 2787 ) (-784 -638 2787 ) (-784 -638 643 ) 
4 176 202 (-784 -638 2787 ) (-784 -142 2787 ) (-784 -142 768 ) (-784 -638 768 ) 
4 176 201 (-784 -142 2787 ) (-784 0 2787 ) (-784 0 643 ) (-784 -142 643 ) 
4 176 179 (-784 -660.347168 643 ) (-784 -623.396484 643 ) (-443.830963 -427 643 ) (-427.830963 -454.713013 643 ) 
4 176 178 (-784 -623.396484 643 ) (-784 0 643 ) (0 0 643 ) (0 -170.754242 643 ) 
4 176 177 (0 -1024 643 ) (-784 -1024 643 ) (-784 -660.347168 643 ) (0 -207.704834 643 ) 
4 177 228 (-640 -1024 643 ) (-784 -1024 643 ) (-784 -1024 640 ) (-640 -1024 640 ) 
4 177 223 (0 -1024 640 ) (0 -1024 643 ) (-640 -1024 643 ) (-640 -1024 640 ) 
4 177 203 (-784 -1024 640 ) (-784 -1024 643 ) (-784 -660.347168 643 ) (-784 -660.347168 640 ) 
4 177 184 (0 -1024 640 ) (-8 -1024 640 ) (-8 -647.930054 640 ) (0 -647.930054 640 ) 
5 177 185 (-8 -1024 640 ) (-784 -1024 640 ) (-784 -660.347168 640 ) (-721.044800 -624 640 ) (-8 -624 640 ) 
3 177 182 (-291.495972 -376 640 ) (0 -207.704834 640 ) (0 -376 640 ) 
4 177 183 (-721.044800 -624 640 ) (-513.198608 -504 640 ) (0 -504 640 ) (0 -624 640 ) 
4 177 179 (-427.831421 -454.712189 640 ) (-784 -660.346069 640 ) (-784 -660.346069 643 ) (-427.831421 -454.712189 643 ) 
4 178 201 (-784 -142 643 ) (-784 0 643 ) (-784 0 640 ) (-784 -142 640 ) 
5 178 182 (-784 -376 640 ) (-784 -143.929993 640 ) (0 -143.929993 640 ) (0 -170.754242 640 ) (-355.496368 -376 640 ) 
3 178 183 (-784 -623.396484 640 ) (-784 -504 640 ) (-577.199036 -504 640 ) 
4 178 180 (-8 0 640 ) (0 0 640 ) (0 -120 640 ) (-8 -120 640 ) 
4 178 181 (-784 -143.929993 640 ) (-784 0 640 ) (-8 0 640 ) (-8 -143.929993 640 ) 
4 178 179 (-784 -623.395508 640 ) (-443.831390 -427 640 ) (-443.831421 -427 643 ) (-784 -623.395508 643 ) 
4 179 203 (-784 -660.347168 643 ) (-784 -638 643 ) (-784 -638 640 ) (-784 -660.347168 640 ) 
3 179 185 (-784 -660.347168 640 ) (-784 -624 640 ) (-721.044800 -624 640 ) 
5 179 183 (-784 -624 640 ) (-784 -623.396484 640 ) (-577.199036 -504 640 ) (-513.198608 -504 640 ) (-721.044800 -624 640 ) 
4 180 187 (0 -64 512 ) (0 -120 512 ) (-8 -120 512 ) (-8 -64 512 ) 
4 180 186 (-8 0 512 ) (0 0 512 ) (0 -64 512 ) (-8 -64 512 ) 
4 180 181 (-8 0 512 ) (-8 -120 512 ) (-8 -120 640 ) (-8 0 640 ) 
4 181 201 (-784 -142 640 ) (-784 0 640 ) (-784 0 512 ) (-784 -142 512 ) 
4 181 198 (-640 0 512 ) (-616 0 512 ) (-616 -143.929993 512 ) (-640 -143.929993 512 ) 
4 181 197 (-616 0 512 ) (-194 0 512 ) (-194 -143.929993 512 ) (-616 -143.929993 512 ) 
4 181 188 (-8 -64 512 ) (-8 -143.929993 512 ) (-194 -143.929993 512 ) (-194 -64 512 ) 
4 181 186 (-194 0 512 ) (-8 0 512 ) (-8 -64 512 ) (-194 -64 512 ) 
4 181 200 (-784 -143.929993 512 ) (-784 0 512 ) (-640 0 512 ) (-640 -143.929993 512 ) 
4 181 182 (-784 -143.929993 512 ) (-8 -143.929993 512 ) (-8 -143.929993 640 ) (-784 -143.929993 640 ) 
4 182 198 (-640 -143.929993 512 ) (-616 -143.929993 512 ) (-616 -376 512 ) (-640 -376 512 ) 
4 182 197 (-616 -143.929993 512 ) (-194 -143.929993 512 ) (-194 -376 512 ) (-616 -376 512 ) 
4 182 189 (-152 -143.929993 512 ) (0 -143.929993 512 ) (0 -376 512 ) (-152 -376 512 ) 
4 182 193 (-194 -143.929993 512 ) (-152 -143.929993 512 ) (-152 -376 512 ) (-194 -376 512 ) 
4 182 200 (-784 -376 512 ) (-784 -143.929993 512 ) (-640 -143.929993 512 ) (-640 -376 512 ) 
4 183 198 (-640 -504 512 ) (-616 -504 512 ) (-616 -624 512 ) (-640 -624 512 ) 
4 183 197 (-616 -504 512 ) (-194 -504 512 ) (-194 -624 512 ) (-616 -624 512 ) 
4 183 189 (-152 -504 512 ) (0 -504 512 ) (0 -624 512 ) (-152 -624 512 ) 
4 183 193 (-194 -504 512 ) (-152 -504 512 ) (-152 -624 512 ) (-194 -624 512 ) 
4 183 200 (-784 -624 512 ) (-784 -504 512 ) (-640 -504 512 ) (-640 -624 512 ) 
4 183 185 (-784 -624 512 ) (-8 -624 512 ) (-8 -624 640 ) (-784 -624 640 ) 
4 184 223 (0 -1024 512 ) (0 -1024 640 ) (-8 -1024 640 ) (-8 -1024 512 ) 
4 184 195 (0 -647.930054 512 ) (0 -1024 512 ) (-8 -1024 512 ) (-8 -647.930054 512 ) 
4 184 185 (-8 -647.930054 512 ) (-8 -1024 512 ) (-8 -1024 640 ) (-8 -647.930054 640 ) 
4 185 228 (-640 -1024 640 ) (-784 -1024 640 ) (-784 -1024 512 ) (-640 -1024 512 ) 
4 185 223 (-8 -1024 640 ) (-640 -1024 640 ) (-640 -1024 512 ) (-8 -1024 512 ) 
4 185 203 (-784 -1024 512 ) (-784 -1024 640 ) (-784 -638 640 ) (-784 -638 512 ) 
4 185 198 (-640 -624 512 ) (-616 -624 512 ) (-616 -1024 512 ) (-640 -1024 512 ) 
4 185 197 (-616 -624 512 ) (-194 -624 512 ) (-194 -1024 512 ) (-616 -1024 512 ) 
4 185 196 (-194 -624 512 ) (-8 -624 512 ) (-8 -1024 512 ) (-194 -1024 512 ) 
4 185 200 (-784 -1024 512 ) (-784 -624 512 ) (-640 -624 512 ) (-640 -1024 512 ) 
4 186 199 (-194 0 128 ) (-194 -64 128 ) (-194 -64 208 ) (-194 0 208 ) 
4 186 197 (-194 -64 208 ) (-194 -64 512 ) (-194 0 512 ) (-194 0 208 ) 
4 186 188 (-194 -64 512 ) (-194 -64 176 ) (-8 -64 176 ) (-8 -64 512 ) 
4 186 187 (0 -64 176 ) (0 -64 512 ) (-8 -64 512 ) (-8 -64 176 ) 
4 187 188 (-8 -64 512 ) (-8 -64 176 ) (-8 -120 176 ) (-8 -120 512 ) 
4 188 199 (-194 -144 176 ) (-194 -144 208 ) (-194 -64 208 ) (-194 -64 176 ) 
4 188 197 (-194 -144 208 ) (-194 -144 512 ) (-194 -64 512 ) (-194 -64 208 ) 
4 188 194 (-194 -144 312 ) (-194 -144 176 ) (-8 -144 176 ) (-8 -144 312 ) 
4 188 192 (-8 -144 320 ) (-8 -144 344 ) (-112 -144 344 ) (-152 -144 320 ) 
3 188 191 (-112 -144 344 ) (-152 -144 344 ) (-152 -144 320 ) 
4 188 189 (-8 -144 344 ) (-8 -144 512 ) (-152 -144 512 ) (-152 -144 344 ) 
4 188 193 (-194 -144 512 ) (-194 -144 312 ) (-152 -144 312 ) (-152 -144 512 ) 
4 189 196 (-8 -624 512 ) (-152 -624 512 ) (-152 -624 344 ) (-8 -624 344 ) 
4 189 192 (-112 -144 344 ) (0 -144 344 ) (0 -176 344 ) (-112 -176 344 ) 
4 189 191 (-152 -576 344 ) (-152 -144 344 ) (-112 -144 344 ) (-112 -576 344 ) 
4 189 190 (0 -624 344 ) (-152 -624 344 ) (-152 -576 344 ) (0 -576 344 ) 
4 189 193 (-152 -144 512 ) (-152 -144 344 ) (-152 -624 344 ) (-152 -624 512 ) 
4 190 196 (-8 -624 344 ) (-152 -624 344 ) (-152 -624 320 ) (-8 -624 320 ) 
3 190 191 (-152 -624 320 ) (-152 -576 344 ) (-112 -576 344 ) 
3 190 193 (-152 -624 320 ) (-152 -624 344 ) (-152 -576 344 ) 
3 191 192 (-111.994553 -144 344 ) (-111.994553 -176 344 ) (-151.994553 -144 320 ) 
4 191 193 (-152 -144 344 ) (-152 -144 320 ) (-152 -624 320 ) (-152 -576 344 ) 
4 193 197 (-194 -624 312 ) (-194 -624 512 ) (-194 -144 512 ) (-194 -144 312 ) 
4 193 196 (-194 -624 512 ) (-194 -624 312 ) (-152 -624 312 ) (-152 -624 512 ) 
4 193 194 (-152 -624 312 ) (-194 -624 312 ) (-194 -144 312 ) (-152 -144 312 ) 
4 194 199 (-194 -624 176 ) (-194 -624 208 ) (-194 -144 208 ) (-194 -144 176 ) 
4 194 197 (-194 -624 208 ) (-194 -624 312 ) (-194 -144 312 ) (-194 -144 208 ) 
4 194 196 (-194 -624 312 ) (-194 -624 176 ) (-8 -624 176 ) (-8 -624 312 ) 
4 195 225 (0 -1024 176 ) (0 -1024 208 ) (-8 -1024 208 ) (-8 -1024 176 ) 
4 195 224 (0 -1024 208 ) (0 -1024 376 ) (-8 -1024 376 ) (-8 -1024 208 ) 
4 195 223 (0 -1024 376 ) (0 -1024 512 ) (-8 -1024 512 ) (-8 -1024 376 ) 
4 195 196 (-8 -1024 176 ) (-8 -1024 512 ) (-8 -647.930054 512 ) (-8 -647.930054 176 ) 
4 196 225 (-194 -1024 208 ) (-194 -1024 176 ) (-8 -1024 176 ) (-8 -1024 208 ) 
4 196 224 (-194 -1024 376 ) (-194 -1024 208 ) (-8 -1024 208 ) (-8 -1024 376 ) 
4 196 223 (-8 -1024 512 ) (-194 -1024 512 ) (-194 -1024 376 ) (-8 -1024 376 ) 
4 196 199 (-194 -1024 176 ) (-194 -1024 208 ) (-194 -624 208 ) (-194 -624 176 ) 
4 196 197 (-194 -1024 208 ) (-194 -1024 512 ) (-194 -624 512 ) (-194 -624 208 ) 
4 197 224 (-616 -1024 376 ) (-616 -1024 208 ) (-194 -1024 208 ) (-194 -1024 376 ) 
4 197 223 (-194 -1024 512 ) (-616 -1024 512 ) (-616 -1024 376 ) (-194 -1024 376 ) 
4 197 199 (-608 0 208 ) (-194 0 208 ) (-194 -1024 208 ) (-608 -1024 208 ) 
4 197 198 (-616 -1024 376 ) (-616 -1024 512 ) (-616 0 512 ) (-616 0 376 ) 
4 198 223 (-616 -1024 512 ) (-640 -1024 512 ) (-640 -1024 376 ) (-616 -1024 376 ) 
4 198 200 (-640 -1024 376 ) (-640 -1024 512 ) (-640 0 512 ) (-640 0 376 ) 
4 199 227 (-584 -1024 128 ) (-194 -1024 128 ) (-194 -1024 208 ) (-608 -1024 208 ) 
4 200 228 (-640 -1024 512 ) (-784 -1024 512 ) (-784 -1024 128 ) (-640 -1024 128 ) 
4 200 204 (-784 0 128 ) (-640 0 128 ) (-640 -1024 128 ) (-784 -1024 128 ) 
4 200 203 (-784 -638 128 ) (-784 -1024 128 ) (-784 -1024 512 ) (-784 -638 512 ) 
4 200 201 (-784 0 128 ) (-784 -142 128 ) (-784 -142 512 ) (-784 0 512 ) 
4 201 206 (-792 0 2787 ) (-792 0 128 ) (-792 -142 128 ) (-792 -142 2787 ) 
4 201 204 (-792 -142 128 ) (-792 0 128 ) (-784 0 128 ) (-784 -142 128 ) 
4 201 202 (-792 -142 2787 ) (-792 -142 768 ) (-784 -142 768 ) (-784 -142 2787 ) 
4 202 210 (-792 -630 768 ) (-792 -638 768 ) (-792 -638 2787 ) (-792 -630 2787 ) 
4 202 209 (-792 -150 768 ) (-792 -630 768 ) (-792 -630 2787 ) (-792 -150 2787 ) 
4 202 207 (-792 -142 2787 ) (-792 -142 768 ) (-792 -150 768 ) (-792 -150 2787 ) 
4 202 203 (-792 -638 2787 ) (-792 -638 768 ) (-784 -638 768 ) (-784 -638 2787 ) 
4 203 228 (-792 -1024 2787 ) (-792 -1024 128 ) (-784 -1024 128 ) (-784 -1024 2787 ) 
4 203 212 (-792 -1024 128 ) (-792 -1024 2787 ) (-792 -638 2787 ) (-792 -638 128 ) 
4 203 204 (-792 -1024 128 ) (-792 -638 128 ) (-784 -638 128 ) (-784 -1024 128 ) 
4 204 230 (-639 -1024 128 ) (-792 -1024 128 ) (-792 -1024 120 ) (-639 -1024 120 ) 
4 204 212 (-792 -1024 120 ) (-792 -1024 128 ) (-792 -638 128 ) (-792 -638 120 ) 
4 204 211 (-792 -638 128 ) (-792 -630 128 ) (-792 -630 120 ) (-792 -638 120 ) 
4 204 209 (-792 -630 128 ) (-792 -150 128 ) (-792 -150 120 ) (-792 -630 120 ) 
4 204 208 (-792 -150 128 ) (-792 -142 128 ) (-792 -142 120 ) (-792 -150 120 ) 
4 204 206 (-792 -142 128 ) (-792 0 128 ) (-792 0 120 ) (-792 -142 120 ) 
4 204 205 (-639 -1024 120 ) (-792 -1024 120 ) (-792 0 120 ) (-639 0 120 ) 
4 205 232 (0 -1024 -472 ) (0 -1024 120 ) (-792 -1024 120 ) (-792 -1024 -472 ) 
4 205 212 (-792 -1024 -472 ) (-792 -1024 120 ) (-792 -638 120 ) (-792 -638 -472 ) 
4 205 211 (-792 -638 120 ) (-792 -630 120 ) (-792 -630 -472 ) (-792 -638 -472 ) 
4 205 209 (-792 -630 120 ) (-792 -150 120 ) (-792 -150 -472 ) (-792 -630 -472 ) 
4 205 208 (-792 -150 120 ) (-792 -142 120 ) (-792 -142 -472 ) (-792 -150 -472 ) 
4 205 206 (-792 -142 120 ) (-792 0 120 ) (-792 0 -472 ) (-792 -142 -472 ) 
4 206 213 (-1024 0 2787 ) (-1024 0 -472 ) (-1024 -142 -472 ) (-1024 -142 2787 ) 
4 206 208 (-1024 -142 128 ) (-1024 -142 -472 ) (-792 -142 -472 ) (-792 -142 128 ) 
4 206 207 (-1024 -142 2787 ) (-1024 -142 768 ) (-792 -142 768 ) (-792 -142 2787 ) 
4 207 214 (-1024 -150 768 ) (-1024 -150 2787 ) (-1024 -142 2787 ) (-1024 -142 768 ) 
4 207 209 (-792 -150 768 ) (-792 -150 2787 ) (-1024 -150 2787 ) (-1024 -150 768 ) 
4 208 215 (-1024 -150 -472 ) (-1024 -150 128 ) (-1024 -142 128 ) (-1024 -142 -472 ) 
4 208 209 (-792 -150 -472 ) (-792 -150 128 ) (-1024 -150 128 ) (-1024 -150 -472 ) 
4 209 216 (-1024 -630 -472 ) (-1024 -630 2787 ) (-1024 -150 2787 ) (-1024 -150 -472 ) 
4 209 211 (-1024 -630 128 ) (-1024 -630 -472 ) (-792 -630 -472 ) (-792 -630 128 ) 
4 209 210 (-1024 -630 2787 ) (-1024 -630 768 ) (-792 -630 768 ) (-792 -630 2787 ) 
4 210 217 (-1024 -638 768 ) (-1024 -638 2787 ) (-1024 -630 2787 ) (-1024 -630 768 ) 
4 210 212 (-792 -638 768 ) (-792 -638 2787 ) (-1024 -638 2787 ) (-1024 -638 768 ) 
4 211 218 (-1024 -638 -472 ) (-1024 -638 128 ) (-1024 -630 128 ) (-1024 -630 -472 ) 
4 211 212 (-792 -638 -472 ) (-792 -638 128 ) (-1024 -638 128 ) (-1024 -638 -472 ) 
4 212 232 (-792 -1024 -472 ) (-792 -1024 120 ) (-1024 -1024 120 ) (-1024 -1024 -472 ) 
4 212 230 (-792 -1024 120 ) (-792 -1024 128 ) (-1024 -1024 128 ) (-1024 -1024 120 ) 
4 212 228 (-792 -1024 128 ) (-792 -1024 2787 ) (-1024 -1024 2787 ) (-1024 -1024 128 ) 
4 212 219 (-1024 -1024 -472 ) (-1024 -1024 2787 ) (-1024 -638 2787 ) (-1024 -638 -472 ) 
4 213 220 (-1288 -142 -472 ) (-1288 -142 2787 ) (-1288 0 2787 ) (-1288 0 -472 ) 
4 213 215 (-1288 -142 128 ) (-1288 -142 -472 ) (-1024 -142 -472 ) (-1024 -142 128 ) 
4 213 214 (-1288 -142 2787 ) (-1288 -142 768 ) (-1024 -142 768 ) (-1024 -142 2787 ) 
4 214 220 (-1288 -150 768 ) (-1288 -150 2787 ) (-1288 -142 2787 ) (-1288 -142 768 ) 
4 214 216 (-1288 -150 2787 ) (-1288 -150 768 ) (-1024 -150 768 ) (-1024 -150 2787 ) 
4 215 220 (-1288 -150 -472 ) (-1288 -150 128 ) (-1288 -142 128 ) (-1288 -142 -472 ) 
4 215 216 (-1288 -150 128 ) (-1288 -150 -472 ) (-1024 -150 -472 ) (-1024 -150 128 ) 
4 216 220 (-1288 -630 -472 ) (-1288 -630 2787 ) (-1288 -150 2787 ) (-1288 -150 -472 ) 
4 216 218 (-1288 -630 128 ) (-1288 -630 -472 ) (-1024 -630 -472 ) (-1024 -630 128 ) 
4 216 217 (-1288 -630 2787 ) (-1288 -630 768 ) (-1024 -630 768 ) (-1024 -630 2787 ) 
4 217 220 (-1288 -638 768 ) (-1288 -638 2787 ) (-1288 -630 2787 ) (-1288 -630 768 ) 
4 217 219 (-1288 -638 2787 ) (-1288 -638 768 ) (-1024 -638 768 ) (-1024 -638 2787 ) 
4 218 220 (-1288 -638 -472 ) (-1288 -638 128 ) (-1288 -630 128 ) (-1288 -630 -472 ) 
4 218 219 (-1288 -638 128 ) (-1288 -638 -472 ) (-1024 -638 -472 ) (-1024 -638 128 ) 
4 219 233 (-1024 -1024 -472 ) (-1024 -1024 2787 ) (-1288 -1024 2787 ) (-1288 -1024 -472 ) 
4 219 220 (-1288 -1024 -472 ) (-1288 -1024 2787 ) (-1288 -638 2787 ) (-1288 -638 -472 ) 
4 220 233 (-1288 -1024 -472 ) (-1288 -1024 2787 ) (-2048 -1024 2787 ) (-2048 -1024 -472 ) 
4 220 222 (-2048 -1024 -472 ) (-2048 -1024 2787 ) (-2048 0 2787 ) (-2048 0 -472 ) 
4 221 222 (-2048 0 -472 ) (-2048 0 2787 ) (-2489 0 2787 ) (-2489 0 -472 ) 
4 222 234 (-2048 -1024 -472 ) (-2048 -1024 2787 ) (-2489 -1024 2787 ) (-2489 -1024 -472 ) 
4 223 229 (0 -1280 376 ) (0 -1280 2787 ) (-640 -1280 2787 ) (-640 -1280 376 ) 
4 223 228 (-640 -1280 376 ) (-640 -1280 2787 ) (-640 -1024 2787 ) (-640 -1024 376 ) 
4 223 224 (0 -1280 376 ) (-616 -1280 376 ) (-616 -1024 376 ) (0 -1024 376 ) 
4 224 229 (0 -1280 208 ) (0 -1280 376 ) (-616 -1280 376 ) (-616 -1280 208 ) 
4 224 227 (-194 -1280 208 ) (-608 -1280 208 ) (-608 -1024 208 ) (-194 -1024 208 ) 
4 224 225 (-194 -1176 208 ) (-194 -1024 208 ) (0 -1024 208 ) (0 -1176 208 ) 
4 224 226 (0 -1280 208 ) (-194 -1280 208 ) (-194 -1176 208 ) (0 -1176 208 ) 
4 225 227 (-194 -1176 176 ) (-194 -1176 208 ) (-194 -1024 208 ) (-194 -1024 176 ) 
4 225 226 (-194 -1176 208 ) (-194 -1176 176 ) (0 -1176 176 ) (0 -1176 208 ) 
4 226 229 (-194 -1280 128 ) (0 -1280 128 ) (0 -1280 208 ) (-194 -1280 208 ) 
4 226 227 (-194 -1176 128 ) (-194 -1280 128 ) (-194 -1280 208 ) (-194 -1176 208 ) 
4 227 229 (-584 -1280 128 ) (-194 -1280 128 ) (-194 -1280 208 ) (-608 -1280 208 ) 
4 228 233 (-1024 -1024 2787 ) (-1024 -1024 128 ) (-1024 -1280 128 ) (-1024 -1280 2787 ) 
4 228 230 (-1024 -1280 128 ) (-1024 -1024 128 ) (-640 -1024 128 ) (-640 -1280 128 ) 
4 228 229 (-1024 -1280 2787 ) (-1024 -1280 128 ) (-640 -1280 128 ) (-640 -1280 2787 ) 
4 229 233 (-1024 -1280 128 ) (-1024 -1507 128 ) (-1024 -1507 2787 ) (-1024 -1280 2787 ) 
4 229 231 (-1024 -1507 128 ) (-1024 -1280 128 ) (0 -1280 128 ) (0 -1507 128 ) 
4 230 233 (-1024 -1024 128 ) (-1024 -1024 120 ) (-1024 -1280 120 ) (-1024 -1280 128 ) 
4 230 232 (-1024 -1280 120 ) (-1024 -1024 120 ) (-639 -1024 120 ) (-639 -1280 120 ) 
4 230 231 (-1024 -1280 120 ) (-639 -1280 120 ) (-639 -1280 128 ) (-1024 -1280 128 ) 
4 231 233 (-1024 -1280 120 ) (-1024 -1507 120 ) (-1024 -1507 128 ) (-1024 -1280 128 ) 
4 231 232 (-1024 -1507 120 ) (-1024 -1280 120 ) (0 -1280 120 ) (0 -1507 120 ) 
4 232 233 (-1024 -1024 120 ) (-1024 -1024 -472 ) (-1024 -1507 -472 ) (-1024 -1507 120 ) 
4 233 234 (-2048 -1024 2787 ) (-2048 -1024 -472 ) (-2048 -1507 -472 ) (-2048 -1507 2787 ) 
